
Log for 'fba' Clone_1 (V12.5.1.0) Tue Jul 16 08:49:06 2013

Tried aggregator 0 times.
No LP presolve or aggregator reductions.
Presolve time = 0.00 sec. (1.07 ticks)
Parallel mode: using up to 3 threads for barrier.
Number of nonzeros in lower triangle of A*A' = 13510
Using Approximate Minimum Degree ordering
Total time for automatic ordering = 0.00 sec. (3.16 ticks)
Summary statistics for Cholesky factor:
  Threads                   = 3
  Rows in Factor            = 1237
  Integer space required    = 7462
  Total non-zeros in factor = 44362
  Total FP ops to factor    = 3233944
 Itn      Primal Obj        Dual Obj  Prim Inf Upper Inf  Dual Inf          
   0   1.1593036e+03  -8.6697912e+06  3.47e+06  3.53e+06  1.92e+02
   1   6.7525812e+01  -2.8021571e+06  1.92e+06  1.95e+06  1.85e+01
   2   8.7735952e+01  -1.2144998e+06  8.45e+05  8.62e+05  3.85e+00
   3   2.8011842e+01  -4.5823720e+05  2.93e+05  2.99e+05  9.67e-01
   4   1.1408281e+01  -3.6898424e+05  1.33e+05  1.35e+05  6.01e-01
   5   9.1692612e+00  -2.3114008e+05  1.09e+05  1.11e+05  1.49e-01
   6   4.1057504e+00  -1.0169887e+05  4.29e+04  4.37e+04  4.06e-02
   7   1.4981309e+00  -5.2880127e+04  8.13e+03  8.28e+03  1.20e-02
   8   5.6427692e-01  -3.1479476e+04  1.05e+03  1.07e+03  2.59e-03
   9   4.0681649e-01  -2.3510962e+03  3.92e+00  3.99e+00  1.13e-04
  10   2.1223748e-01  -6.6504355e+01  9.50e-03  9.67e-03  3.19e-06
  11   6.6089813e-03  -1.2325107e-02  2.86e-04  2.91e-04  1.36e-10
  12   3.3044907e-07  -2.7634862e-06  1.22e-07  1.45e-08  1.55e-13
  13   1.6522453e-11  -8.9386080e-10  1.27e-07  1.11e-10  1.62e-11
  14   8.2993649e-12  -1.8699947e-09  1.46e-07  9.81e-11  8.93e-12
  15   3.0775920e-12  -3.1475555e-09  8.60e-08  8.68e-11  6.33e-12
Barrier time = 0.05 sec. (26.69 ticks)

Primal crossover.
  Primal:  Fixing 2390 variables.
     2389 PMoves:  Infeasibility  3.93154703e-08  Objective  0.00000000e+00
     2110 PMoves:  Infeasibility  1.25898935e-09  Objective  0.00000000e+00
     1701 PMoves:  Infeasibility  9.02457213e-10  Objective  0.00000000e+00
     1435 PMoves:  Infeasibility  8.92472256e-10  Objective  0.00000000e+00
     1139 PMoves:  Infeasibility  8.06466852e-10  Objective  0.00000000e+00
Total crossover time = 0.01 sec. (11.33 ticks)

Total time on 3 threads = 0.06 sec. (39.21 ticks)

Dual simplex solved model.


Log for 'fba' Clone_1 (V12.5.1.0) Tue Jul 16 08:49:06 2013


Primal crossover.
  Primal:  Fixing 2394 variables.
     2393 PMoves:  Infeasibility  5.65976325e-08  Objective  0.00000000e+00
     2125 PMoves:  Infeasibility  2.13337867e-09  Objective  0.00000000e+00
     1749 PMoves:  Infeasibility  1.61864716e-09  Objective  0.00000000e+00
     1521 PMoves:  Infeasibility  1.57471924e-09  Objective  0.00000000e+00
     1212 PMoves:  Infeasibility  1.53587948e-09  Objective  0.00000000e+00
      945 PMoves:  Infeasibility  1.51541704e-09  Objective  0.00000000e+00
      478 PMoves:  Infeasibility  9.75592218e-10  Objective  0.00000000e+00
      242 PMoves:  Infeasibility  4.10648904e-10  Objective  0.00000000e+00
        0 PMoves:  Infeasibility  2.68576827e-12  Objective  0.00000000e+00
  Primal:  Pushed 1347, exchanged 1047.
  Dual:  Fixing 13 variables.
       12 DMoves:  Infeasibility  1.79053920e-13  Objective  4.18891413e-14
        0 DMoves:  Infeasibility  1.88268771e-13  Objective  1.04231067e-13
  Dual:  Pushed 13, exchanged 0.
Using devex.

Dual simplex solved model.


Log for 'fba' Clone_1 (V12.5.1.0) Tue Jul 16 08:49:07 2013

Tried aggregator 0 times.
No LP presolve or aggregator reductions.
Presolve time = 0.00 sec. (1.07 ticks)
Parallel mode: using up to 3 threads for barrier.
Number of nonzeros in lower triangle of A*A' = 13510
Using Approximate Minimum Degree ordering
Total time for automatic ordering = 0.00 sec. (3.16 ticks)
Summary statistics for Cholesky factor:
  Threads                   = 3
  Rows in Factor            = 1237
  Integer space required    = 7462
  Total non-zeros in factor = 44362
  Total FP ops to factor    = 3233944
 Itn      Primal Obj        Dual Obj  Prim Inf Upper Inf  Dual Inf          
   0   1.1593036e+03  -8.6697912e+06  3.47e+06  3.53e+06  1.92e+02
   1   6.7525812e+01  -2.8021571e+06  1.92e+06  1.95e+06  1.85e+01
   2   8.7735952e+01  -1.2144998e+06  8.45e+05  8.62e+05  3.85e+00
   3   2.8011842e+01  -4.5823720e+05  2.93e+05  2.99e+05  9.67e-01
   4   1.1408281e+01  -3.6898424e+05  1.33e+05  1.35e+05  6.01e-01
   5   9.1692612e+00  -2.3114008e+05  1.09e+05  1.11e+05  1.49e-01
   6   4.1057504e+00  -1.0169887e+05  4.29e+04  4.37e+04  4.06e-02
   7   1.4981309e+00  -5.2880127e+04  8.13e+03  8.28e+03  1.20e-02
   8   5.6427692e-01  -3.1479476e+04  1.05e+03  1.07e+03  2.59e-03
   9   4.0681649e-01  -2.3510962e+03  3.92e+00  3.99e+00  1.13e-04
  10   2.1223748e-01  -6.6504355e+01  9.50e-03  9.67e-03  3.19e-06
  11   6.6089813e-03  -1.2325107e-02  2.86e-04  2.91e-04  1.36e-10
  12   3.3044907e-07  -2.7634862e-06  1.22e-07  1.45e-08  1.55e-13
  13   1.6522453e-11  -8.9386080e-10  1.27e-07  1.11e-10  1.62e-11
  14   8.2993649e-12  -1.8699947e-09  1.46e-07  9.81e-11  8.93e-12
  15   3.0775920e-12  -3.1475555e-09  8.60e-08  8.68e-11  6.33e-12
Barrier time = 0.05 sec. (26.69 ticks)

Primal crossover.
  Primal:  Fixing 2390 variables.
     2389 PMoves:  Infeasibility  3.93154703e-08  Objective  0.00000000e+00
     2110 PMoves:  Infeasibility  1.25898935e-09  Objective  0.00000000e+00
     1701 PMoves:  Infeasibility  9.02457213e-10  Objective  0.00000000e+00
     1435 PMoves:  Infeasibility  8.92472256e-10  Objective  0.00000000e+00
     1139 PMoves:  Infeasibility  8.06466852e-10  Objective  0.00000000e+00
Total crossover time = 0.01 sec. (12.26 ticks)

Total time on 3 threads = 0.06 sec. (40.15 ticks)

Dual simplex solved model.


Log for 'fba' Clone_1 (V12.5.1.0) Tue Jul 16 08:50:27 2013

Tried aggregator 0 times.
No LP presolve or aggregator reductions.
Presolve time = 0.00 sec. (1.07 ticks)
Parallel mode: using up to 3 threads for barrier.
Number of nonzeros in lower triangle of A*A' = 13510
Using Approximate Minimum Degree ordering
Total time for automatic ordering = 0.00 sec. (3.16 ticks)
Summary statistics for Cholesky factor:
  Threads                   = 3
  Rows in Factor            = 1237
  Integer space required    = 7462
  Total non-zeros in factor = 44362
  Total FP ops to factor    = 3233944
 Itn      Primal Obj        Dual Obj  Prim Inf Upper Inf  Dual Inf          
   0   1.1593036e+03  -8.6697912e+06  3.47e+06  3.53e+06  1.92e+02
   1   6.7525812e+01  -2.8021571e+06  1.92e+06  1.95e+06  1.85e+01
   2   8.7735952e+01  -1.2144998e+06  8.45e+05  8.62e+05  3.85e+00
   3   2.8011842e+01  -4.5823720e+05  2.93e+05  2.99e+05  9.67e-01
   4   1.1408281e+01  -3.6898424e+05  1.33e+05  1.35e+05  6.01e-01
   5   9.1692612e+00  -2.3114008e+05  1.09e+05  1.11e+05  1.49e-01
   6   4.1057504e+00  -1.0169887e+05  4.29e+04  4.37e+04  4.06e-02
   7   1.4981309e+00  -5.2880127e+04  8.13e+03  8.28e+03  1.20e-02
   8   5.6427692e-01  -3.1479476e+04  1.05e+03  1.07e+03  2.59e-03
   9   4.0681649e-01  -2.3510962e+03  3.92e+00  3.99e+00  1.13e-04
  10   2.1223748e-01  -6.6504355e+01  9.50e-03  9.67e-03  3.19e-06
  11   6.6089813e-03  -1.2325107e-02  2.86e-04  2.91e-04  1.36e-10
  12   3.3044907e-07  -2.7634862e-06  1.22e-07  1.45e-08  1.55e-13
  13   1.6522453e-11  -8.9386080e-10  1.27e-07  1.11e-10  1.62e-11
  14   8.2993649e-12  -1.8699947e-09  1.46e-07  9.81e-11  8.93e-12
  15   3.0775920e-12  -3.1475555e-09  8.60e-08  8.68e-11  6.33e-12
Barrier time = 0.05 sec. (26.69 ticks)

Primal crossover.
  Primal:  Fixing 2390 variables.
     2389 PMoves:  Infeasibility  3.93154703e-08  Objective  0.00000000e+00
     2110 PMoves:  Infeasibility  1.25898935e-09  Objective  0.00000000e+00
     1701 PMoves:  Infeasibility  9.02457213e-10  Objective  0.00000000e+00
     1435 PMoves:  Infeasibility  8.92472256e-10  Objective  0.00000000e+00
     1139 PMoves:  Infeasibility  8.06466852e-10  Objective  0.00000000e+00
Total crossover time = 0.01 sec. (12.25 ticks)

Total time on 3 threads = 0.06 sec. (40.14 ticks)

Dual simplex solved model.


Log for 'fba' Clone_1 (V12.5.1.0) Tue Jul 16 08:50:27 2013


Primal crossover.
  Primal:  Fixing 2394 variables.
     2393 PMoves:  Infeasibility  5.65976325e-08  Objective  0.00000000e+00
     2125 PMoves:  Infeasibility  2.13337867e-09  Objective  0.00000000e+00
     1749 PMoves:  Infeasibility  1.61864716e-09  Objective  0.00000000e+00
     1521 PMoves:  Infeasibility  1.57471924e-09  Objective  0.00000000e+00
     1212 PMoves:  Infeasibility  1.53587948e-09  Objective  0.00000000e+00
      945 PMoves:  Infeasibility  1.51541704e-09  Objective  0.00000000e+00
      478 PMoves:  Infeasibility  9.75592218e-10  Objective  0.00000000e+00
      242 PMoves:  Infeasibility  4.10648904e-10  Objective  0.00000000e+00
        0 PMoves:  Infeasibility  2.68576827e-12  Objective  0.00000000e+00
  Primal:  Pushed 1347, exchanged 1047.
  Dual:  Fixing 13 variables.
       12 DMoves:  Infeasibility  1.79053920e-13  Objective  4.18891413e-14
        0 DMoves:  Infeasibility  1.88268771e-13  Objective  1.04231067e-13
  Dual:  Pushed 13, exchanged 0.
Using devex.

Dual simplex solved model.


Log for 'fba' Clone_1 (V12.5.1.0) Tue Jul 16 08:50:27 2013

Tried aggregator 0 times.
No LP presolve or aggregator reductions.
Presolve time = 0.00 sec. (1.07 ticks)
Parallel mode: using up to 3 threads for barrier.
Number of nonzeros in lower triangle of A*A' = 13510
Using Approximate Minimum Degree ordering
Total time for automatic ordering = 0.00 sec. (3.16 ticks)
Summary statistics for Cholesky factor:
  Threads                   = 3
  Rows in Factor            = 1237
  Integer space required    = 7462
  Total non-zeros in factor = 44362
  Total FP ops to factor    = 3233944
 Itn      Primal Obj        Dual Obj  Prim Inf Upper Inf  Dual Inf          
   0   1.1593036e+03  -8.6697912e+06  3.47e+06  3.53e+06  1.92e+02
   1   6.7525812e+01  -2.8021571e+06  1.92e+06  1.95e+06  1.85e+01
   2   8.7735952e+01  -1.2144998e+06  8.45e+05  8.62e+05  3.85e+00
   3   2.8011842e+01  -4.5823720e+05  2.93e+05  2.99e+05  9.67e-01
   4   1.1408281e+01  -3.6898424e+05  1.33e+05  1.35e+05  6.01e-01
   5   9.1692612e+00  -2.3114008e+05  1.09e+05  1.11e+05  1.49e-01
   6   4.1057504e+00  -1.0169887e+05  4.29e+04  4.37e+04  4.06e-02
   7   1.4981309e+00  -5.2880127e+04  8.13e+03  8.28e+03  1.20e-02
   8   5.6427692e-01  -3.1479476e+04  1.05e+03  1.07e+03  2.59e-03
   9   4.0681649e-01  -2.3510962e+03  3.92e+00  3.99e+00  1.13e-04
  10   2.1223748e-01  -6.6504355e+01  9.50e-03  9.67e-03  3.19e-06
  11   6.6089813e-03  -1.2325107e-02  2.86e-04  2.91e-04  1.36e-10
  12   3.3044907e-07  -2.7634862e-06  1.22e-07  1.45e-08  1.55e-13
  13   1.6522453e-11  -8.9386080e-10  1.27e-07  1.11e-10  1.62e-11
  14   8.2993649e-12  -1.8699947e-09  1.46e-07  9.81e-11  8.93e-12
  15   3.0775920e-12  -3.1475555e-09  8.60e-08  8.68e-11  6.33e-12
Barrier time = 0.05 sec. (26.69 ticks)

Primal crossover.
  Primal:  Fixing 2390 variables.
     2389 PMoves:  Infeasibility  3.93154703e-08  Objective  0.00000000e+00
     2110 PMoves:  Infeasibility  1.25898935e-09  Objective  0.00000000e+00
     1701 PMoves:  Infeasibility  9.02457213e-10  Objective  0.00000000e+00
     1435 PMoves:  Infeasibility  8.92472256e-10  Objective  0.00000000e+00
     1139 PMoves:  Infeasibility  8.06466852e-10  Objective  0.00000000e+00
Total crossover time = 0.01 sec. (10.94 ticks)

Total time on 3 threads = 0.06 sec. (38.83 ticks)

Dual simplex solved model.


Log for 'fba' Clone_1 (V12.5.1.0) Tue Jul 16 08:52:08 2013

Tried aggregator 0 times.
No LP presolve or aggregator reductions.
Presolve time = 0.00 sec. (1.07 ticks)
Parallel mode: using up to 3 threads for barrier.
Number of nonzeros in lower triangle of A*A' = 13510
Using Approximate Minimum Degree ordering
Total time for automatic ordering = 0.00 sec. (3.16 ticks)
Summary statistics for Cholesky factor:
  Threads                   = 3
  Rows in Factor            = 1237
  Integer space required    = 7462
  Total non-zeros in factor = 44362
  Total FP ops to factor    = 3233944
 Itn      Primal Obj        Dual Obj  Prim Inf Upper Inf  Dual Inf          
   0   1.1593036e+03  -8.6697912e+06  3.47e+06  3.53e+06  1.92e+02
   1   6.7525812e+01  -2.8021571e+06  1.92e+06  1.95e+06  1.85e+01
   2   8.7735952e+01  -1.2144998e+06  8.45e+05  8.62e+05  3.85e+00
   3   2.8011842e+01  -4.5823720e+05  2.93e+05  2.99e+05  9.67e-01
   4   1.1408281e+01  -3.6898424e+05  1.33e+05  1.35e+05  6.01e-01
   5   9.1692612e+00  -2.3114008e+05  1.09e+05  1.11e+05  1.49e-01
   6   4.1057504e+00  -1.0169887e+05  4.29e+04  4.37e+04  4.06e-02
   7   1.4981309e+00  -5.2880127e+04  8.13e+03  8.28e+03  1.20e-02
   8   5.6427692e-01  -3.1479476e+04  1.05e+03  1.07e+03  2.59e-03
   9   4.0681649e-01  -2.3510962e+03  3.92e+00  3.99e+00  1.13e-04
  10   2.1223748e-01  -6.6504355e+01  9.50e-03  9.67e-03  3.19e-06
  11   6.6089813e-03  -1.2325107e-02  2.86e-04  2.91e-04  1.36e-10
  12   3.3044907e-07  -2.7634862e-06  1.22e-07  1.45e-08  1.55e-13
  13   1.6522453e-11  -8.9386080e-10  1.27e-07  1.11e-10  1.62e-11
  14   8.2993649e-12  -1.8699947e-09  1.46e-07  9.81e-11  8.93e-12
  15   3.0775920e-12  -3.1475555e-09  8.60e-08  8.68e-11  6.33e-12
Barrier time = 0.05 sec. (26.69 ticks)

Primal crossover.
  Primal:  Fixing 2390 variables.
     2389 PMoves:  Infeasibility  3.93154703e-08  Objective  0.00000000e+00
     2110 PMoves:  Infeasibility  1.25898935e-09  Objective  0.00000000e+00
     1701 PMoves:  Infeasibility  9.02457213e-10  Objective  0.00000000e+00
     1435 PMoves:  Infeasibility  8.92472256e-10  Objective  0.00000000e+00
     1139 PMoves:  Infeasibility  8.06466852e-10  Objective  0.00000000e+00
Total crossover time = 0.01 sec. (11.34 ticks)

Total time on 3 threads = 0.06 sec. (39.23 ticks)

Dual simplex solved model.


Log for 'fba' Clone_1 (V12.5.1.0) Tue Jul 16 08:52:09 2013


Primal crossover.
  Primal:  Fixing 2394 variables.
     2393 PMoves:  Infeasibility  5.65976325e-08  Objective  0.00000000e+00
     2125 PMoves:  Infeasibility  2.13337867e-09  Objective  0.00000000e+00
     1749 PMoves:  Infeasibility  1.61864716e-09  Objective  0.00000000e+00
     1521 PMoves:  Infeasibility  1.57471924e-09  Objective  0.00000000e+00
     1212 PMoves:  Infeasibility  1.53587948e-09  Objective  0.00000000e+00
      945 PMoves:  Infeasibility  1.51541704e-09  Objective  0.00000000e+00
      478 PMoves:  Infeasibility  9.75592218e-10  Objective  0.00000000e+00
      242 PMoves:  Infeasibility  4.10648904e-10  Objective  0.00000000e+00
        0 PMoves:  Infeasibility  2.68576827e-12  Objective  0.00000000e+00
  Primal:  Pushed 1347, exchanged 1047.
  Dual:  Fixing 13 variables.
       12 DMoves:  Infeasibility  1.79053920e-13  Objective  4.18891413e-14
        0 DMoves:  Infeasibility  1.88268771e-13  Objective  1.04231067e-13
  Dual:  Pushed 13, exchanged 0.
Using devex.

Dual simplex solved model.


Log for 'fba' Clone_1 (V12.5.1.0) Tue Jul 16 08:52:09 2013

Tried aggregator 0 times.
No LP presolve or aggregator reductions.
Presolve time = 0.00 sec. (1.07 ticks)
Parallel mode: using up to 3 threads for barrier.
Number of nonzeros in lower triangle of A*A' = 13510
Using Approximate Minimum Degree ordering
Total time for automatic ordering = 0.00 sec. (3.16 ticks)
Summary statistics for Cholesky factor:
  Threads                   = 3
  Rows in Factor            = 1237
  Integer space required    = 7462
  Total non-zeros in factor = 44362
  Total FP ops to factor    = 3233944
 Itn      Primal Obj        Dual Obj  Prim Inf Upper Inf  Dual Inf          
   0   1.1593036e+03  -8.6697912e+06  3.47e+06  3.53e+06  1.92e+02
   1   6.7525812e+01  -2.8021571e+06  1.92e+06  1.95e+06  1.85e+01
   2   8.7735952e+01  -1.2144998e+06  8.45e+05  8.62e+05  3.85e+00
   3   2.8011842e+01  -4.5823720e+05  2.93e+05  2.99e+05  9.67e-01
   4   1.1408281e+01  -3.6898424e+05  1.33e+05  1.35e+05  6.01e-01
   5   9.1692612e+00  -2.3114008e+05  1.09e+05  1.11e+05  1.49e-01
   6   4.1057504e+00  -1.0169887e+05  4.29e+04  4.37e+04  4.06e-02
   7   1.4981309e+00  -5.2880127e+04  8.13e+03  8.28e+03  1.20e-02
   8   5.6427692e-01  -3.1479476e+04  1.05e+03  1.07e+03  2.59e-03
   9   4.0681649e-01  -2.3510962e+03  3.92e+00  3.99e+00  1.13e-04
  10   2.1223748e-01  -6.6504355e+01  9.50e-03  9.67e-03  3.19e-06
  11   6.6089813e-03  -1.2325107e-02  2.86e-04  2.91e-04  1.36e-10
  12   3.3044907e-07  -2.7634862e-06  1.22e-07  1.45e-08  1.55e-13
  13   1.6522453e-11  -8.9386080e-10  1.27e-07  1.11e-10  1.62e-11
  14   8.2993649e-12  -1.8699947e-09  1.46e-07  9.81e-11  8.93e-12
  15   3.0775920e-12  -3.1475555e-09  8.60e-08  8.68e-11  6.33e-12
Barrier time = 0.04 sec. (26.69 ticks)

Primal crossover.
  Primal:  Fixing 2390 variables.
     2389 PMoves:  Infeasibility  3.93154703e-08  Objective  0.00000000e+00
     2110 PMoves:  Infeasibility  1.25898935e-09  Objective  0.00000000e+00
     1701 PMoves:  Infeasibility  9.02457213e-10  Objective  0.00000000e+00
     1435 PMoves:  Infeasibility  8.92472256e-10  Objective  0.00000000e+00
     1139 PMoves:  Infeasibility  8.06466852e-10  Objective  0.00000000e+00
      807 PMoves:  Infeasibility  4.59107613e-10  Objective  0.00000000e+00
Total crossover time = 0.01 sec. (13.13 ticks)

Total time on 3 threads = 0.06 sec. (41.02 ticks)

Dual simplex solved model.


Log for 'fba' Clone_1 (V12.5.1.0) Tue Jul 16 08:52:09 2013

Tried aggregator 0 times.
No LP presolve or aggregator reductions.
Presolve time = 0.00 sec. (1.07 ticks)
Parallel mode: using up to 3 threads for barrier.
Number of nonzeros in lower triangle of A*A' = 13510
Using Approximate Minimum Degree ordering
Total time for automatic ordering = 0.00 sec. (3.16 ticks)
Summary statistics for Cholesky factor:
  Threads                   = 3
  Rows in Factor            = 1237
  Integer space required    = 7462
  Total non-zeros in factor = 44362
  Total FP ops to factor    = 3233944
 Itn      Primal Obj        Dual Obj  Prim Inf Upper Inf  Dual Inf          
   0  -1.1593036e+03  -8.6707912e+06  3.47e+06  3.53e+06  1.92e+02
   1  -1.0403117e+02  -2.7804246e+06  2.09e+06  2.13e+06  2.07e+01
   2  -1.8822762e+02  -1.3315919e+06  9.90e+05  1.01e+06  4.95e+00
   3  -5.8781957e+01  -4.3450782e+05  3.36e+05  3.42e+05  9.80e-01
   4  -2.4086621e+01  -3.8389473e+05  1.59e+05  1.62e+05  7.15e-01
   5  -1.9241800e+01  -2.4670353e+05  1.26e+05  1.28e+05  3.55e-01
   6  -8.3124678e+00  -1.1919453e+05  5.67e+04  5.78e+04  6.24e-02
   7  -3.5527666e+00  -5.4264084e+04  1.95e+04  1.98e+04  2.33e-03
   8  -1.7084680e+00  -3.2660454e+04  6.91e+03  7.04e+03  4.29e-04
   9  -9.9948070e-01  -2.1900610e+04  8.11e+02  8.25e+02  2.65e-04
  10  -9.2276647e-01  -1.0742793e+03  6.95e-01  7.07e-01  7.70e-06
  11  -3.1859649e+00  -3.0003160e+02  1.33e-01  1.36e-01  2.13e-06
  12  -3.1241275e+00  -1.1322577e+02  7.27e-04  7.39e-04  7.90e-07
  13  -3.1280453e+00  -6.1267295e+01  6.87e-04  6.98e-04  4.17e-07
  14  -3.1980511e+00  -3.3683720e+00  4.02e-06  1.73e-06  1.44e-09
  15  -3.1980589e+00  -3.1980954e+00  3.76e-06  1.08e-10  4.69e-13
  16  -3.1980555e+00  -3.1980556e+00  1.88e-06  1.04e-10  3.22e-13
  17  -3.1980530e+00  -3.1980556e+00  3.06e-06  1.07e-10  2.44e-09
Barrier time = 0.05 sec. (29.18 ticks)

Primal crossover.
  Primal:  Fixing 2392 variables.
     2391 PMoves:  Infeasibility  1.12346261e-07  Objective -3.19805301e+00
     2153 PMoves:  Infeasibility  2.91647918e-09  Objective -3.19805301e+00
     1876 PMoves:  Infeasibility  2.22361941e-09  Objective -3.19805301e+00
     1590 PMoves:  Infeasibility  2.21736841e-09  Objective -3.19805301e+00
     1292 PMoves:  Infeasibility  1.69792405e-09  Objective -3.19805301e+00
     1023 PMoves:  Infeasibility  1.69693022e-09  Objective -3.19805301e+00
      652 PMoves:  Infeasibility  1.28979506e-09  Objective -3.19805301e+00
      400 PMoves:  Infeasibility  1.96955174e-10  Objective -3.19805301e+00
       58 PMoves:  Infeasibility  7.83817455e-14  Objective -3.19805301e+00
        0 PMoves:  Infeasibility  2.81132062e-12  Objective -3.19805558e+00
  Primal:  Pushed 1351, exchanged 1041.
  Dual:  Fixing 13 variables.
       12 DMoves:  Infeasibility  3.80676727e-12  Objective -3.19805558e+00
        0 DMoves:  Infeasibility  3.90180236e-12  Objective -3.19805558e+00
  Dual:  Pushed 12, exchanged 1.
Using devex.
Total crossover time = 0.02 sec. (22.08 ticks)

Total time on 3 threads = 0.07 sec. (52.46 ticks)

Dual simplex solved model.


Log for 'fba' Clone_1 (V12.5.1.0) Tue Jul 16 08:54:02 2013

Tried aggregator 0 times.
No LP presolve or aggregator reductions.
Presolve time = 0.00 sec. (1.07 ticks)
Parallel mode: using up to 3 threads for barrier.
Number of nonzeros in lower triangle of A*A' = 13510
Using Approximate Minimum Degree ordering
Total time for automatic ordering = 0.00 sec. (3.16 ticks)
Summary statistics for Cholesky factor:
  Threads                   = 3
  Rows in Factor            = 1237
  Integer space required    = 7462
  Total non-zeros in factor = 44362
  Total FP ops to factor    = 3233944
 Itn      Primal Obj        Dual Obj  Prim Inf Upper Inf  Dual Inf          
   0   1.1593036e+03  -8.6697912e+06  3.47e+06  3.53e+06  1.92e+02
   1   6.7525812e+01  -2.8021571e+06  1.92e+06  1.95e+06  1.85e+01
   2   8.7735952e+01  -1.2144998e+06  8.45e+05  8.62e+05  3.85e+00
   3   2.8011842e+01  -4.5823720e+05  2.93e+05  2.99e+05  9.67e-01
   4   1.1408281e+01  -3.6898424e+05  1.33e+05  1.35e+05  6.01e-01
   5   9.1692612e+00  -2.3114008e+05  1.09e+05  1.11e+05  1.49e-01
   6   4.1057504e+00  -1.0169887e+05  4.29e+04  4.37e+04  4.06e-02
   7   1.4981309e+00  -5.2880127e+04  8.13e+03  8.28e+03  1.20e-02
   8   5.6427692e-01  -3.1479476e+04  1.05e+03  1.07e+03  2.59e-03
   9   4.0681649e-01  -2.3510962e+03  3.92e+00  3.99e+00  1.13e-04
  10   2.1223748e-01  -6.6504355e+01  9.50e-03  9.67e-03  3.19e-06
  11   6.6089813e-03  -1.2325107e-02  2.86e-04  2.91e-04  1.36e-10
  12   3.3044907e-07  -2.7634862e-06  1.22e-07  1.45e-08  1.55e-13
  13   1.6522453e-11  -8.9386080e-10  1.27e-07  1.11e-10  1.62e-11
  14   8.2993649e-12  -1.8699947e-09  1.46e-07  9.81e-11  8.93e-12
  15   3.0775920e-12  -3.1475555e-09  8.60e-08  8.68e-11  6.33e-12
Barrier time = 0.05 sec. (26.69 ticks)

Primal crossover.
  Primal:  Fixing 2390 variables.
     2389 PMoves:  Infeasibility  3.93154703e-08  Objective  0.00000000e+00
     2110 PMoves:  Infeasibility  1.25898935e-09  Objective  0.00000000e+00
     1701 PMoves:  Infeasibility  9.02457213e-10  Objective  0.00000000e+00
     1435 PMoves:  Infeasibility  8.92472256e-10  Objective  0.00000000e+00
     1139 PMoves:  Infeasibility  8.06466852e-10  Objective  0.00000000e+00
      807 PMoves:  Infeasibility  4.59107613e-10  Objective  0.00000000e+00
Total crossover time = 0.01 sec. (12.83 ticks)

Total time on 3 threads = 0.06 sec. (40.72 ticks)

Dual simplex solved model.


Log for 'fba' Clone_1 (V12.5.1.0) Tue Jul 16 08:54:03 2013


Primal crossover.
  Primal:  Fixing 2394 variables.
     2393 PMoves:  Infeasibility  5.65976325e-08  Objective  0.00000000e+00
     2125 PMoves:  Infeasibility  2.13337867e-09  Objective  0.00000000e+00
     1749 PMoves:  Infeasibility  1.61864716e-09  Objective  0.00000000e+00
     1521 PMoves:  Infeasibility  1.57471924e-09  Objective  0.00000000e+00
     1212 PMoves:  Infeasibility  1.53587948e-09  Objective  0.00000000e+00
      945 PMoves:  Infeasibility  1.51541704e-09  Objective  0.00000000e+00
      478 PMoves:  Infeasibility  9.75592218e-10  Objective  0.00000000e+00
      242 PMoves:  Infeasibility  4.10648904e-10  Objective  0.00000000e+00
        0 PMoves:  Infeasibility  2.68576827e-12  Objective  0.00000000e+00
  Primal:  Pushed 1347, exchanged 1047.
  Dual:  Fixing 13 variables.
       12 DMoves:  Infeasibility  1.79053920e-13  Objective  4.18891413e-14
        0 DMoves:  Infeasibility  1.88268771e-13  Objective  1.04231067e-13
  Dual:  Pushed 13, exchanged 0.
Using devex.

Dual simplex solved model.


Log for 'fba' Clone_1 (V12.5.1.0) Tue Jul 16 08:54:03 2013

Tried aggregator 0 times.
No LP presolve or aggregator reductions.
Presolve time = 0.00 sec. (1.07 ticks)
Parallel mode: using up to 3 threads for barrier.
Number of nonzeros in lower triangle of A*A' = 13510
Using Approximate Minimum Degree ordering
Total time for automatic ordering = 0.00 sec. (3.16 ticks)
Summary statistics for Cholesky factor:
  Threads                   = 3
  Rows in Factor            = 1237
  Integer space required    = 7462
  Total non-zeros in factor = 44362
  Total FP ops to factor    = 3233944
 Itn      Primal Obj        Dual Obj  Prim Inf Upper Inf  Dual Inf          
   0   1.1593036e+03  -8.6697912e+06  3.47e+06  3.53e+06  1.92e+02
   1   6.7525812e+01  -2.8021571e+06  1.92e+06  1.95e+06  1.85e+01
   2   8.7735952e+01  -1.2144998e+06  8.45e+05  8.62e+05  3.85e+00
   3   2.8011842e+01  -4.5823720e+05  2.93e+05  2.99e+05  9.67e-01
   4   1.1408281e+01  -3.6898424e+05  1.33e+05  1.35e+05  6.01e-01
   5   9.1692612e+00  -2.3114008e+05  1.09e+05  1.11e+05  1.49e-01
   6   4.1057504e+00  -1.0169887e+05  4.29e+04  4.37e+04  4.06e-02
   7   1.4981309e+00  -5.2880127e+04  8.13e+03  8.28e+03  1.20e-02
   8   5.6427692e-01  -3.1479476e+04  1.05e+03  1.07e+03  2.59e-03
   9   4.0681649e-01  -2.3510962e+03  3.92e+00  3.99e+00  1.13e-04
  10   2.1223748e-01  -6.6504355e+01  9.50e-03  9.67e-03  3.19e-06
  11   6.6089813e-03  -1.2325107e-02  2.86e-04  2.91e-04  1.36e-10
  12   3.3044907e-07  -2.7634862e-06  1.22e-07  1.45e-08  1.55e-13
  13   1.6522453e-11  -8.9386080e-10  1.27e-07  1.11e-10  1.62e-11
  14   8.2993649e-12  -1.8699947e-09  1.46e-07  9.81e-11  8.93e-12
  15   3.0775920e-12  -3.1475555e-09  8.60e-08  8.68e-11  6.33e-12
Barrier time = 0.04 sec. (26.69 ticks)

Primal crossover.
  Primal:  Fixing 2390 variables.
     2389 PMoves:  Infeasibility  3.93154703e-08  Objective  0.00000000e+00
     2110 PMoves:  Infeasibility  1.25898935e-09  Objective  0.00000000e+00
     1701 PMoves:  Infeasibility  9.02457213e-10  Objective  0.00000000e+00
     1435 PMoves:  Infeasibility  8.92472256e-10  Objective  0.00000000e+00
     1139 PMoves:  Infeasibility  8.06466852e-10  Objective  0.00000000e+00
      807 PMoves:  Infeasibility  4.59107613e-10  Objective  0.00000000e+00
Total crossover time = 0.01 sec. (13.31 ticks)

Total time on 3 threads = 0.06 sec. (41.20 ticks)

Dual simplex solved model.


Log for 'fba' Clone_1 (V12.5.1.0) Tue Jul 16 08:54:03 2013

Tried aggregator 0 times.
No LP presolve or aggregator reductions.
Presolve time = 0.00 sec. (1.07 ticks)
Parallel mode: using up to 3 threads for barrier.
Number of nonzeros in lower triangle of A*A' = 13510
Using Approximate Minimum Degree ordering
Total time for automatic ordering = 0.00 sec. (3.16 ticks)
Summary statistics for Cholesky factor:
  Threads                   = 3
  Rows in Factor            = 1237
  Integer space required    = 7462
  Total non-zeros in factor = 44362
  Total FP ops to factor    = 3233944
 Itn      Primal Obj        Dual Obj  Prim Inf Upper Inf  Dual Inf          
   0  -1.1593036e+03  -8.6707912e+06  3.47e+06  3.53e+06  1.92e+02
   1  -1.0403117e+02  -2.7804246e+06  2.09e+06  2.13e+06  2.07e+01
   2  -1.8822762e+02  -1.3315919e+06  9.90e+05  1.01e+06  4.95e+00
   3  -5.8781957e+01  -4.3450782e+05  3.36e+05  3.42e+05  9.80e-01
   4  -2.4086621e+01  -3.8389473e+05  1.59e+05  1.62e+05  7.15e-01
   5  -1.9241800e+01  -2.4670353e+05  1.26e+05  1.28e+05  3.55e-01
   6  -8.3124678e+00  -1.1919453e+05  5.67e+04  5.78e+04  6.24e-02
   7  -3.5527666e+00  -5.4264084e+04  1.95e+04  1.98e+04  2.33e-03
   8  -1.7084680e+00  -3.2660454e+04  6.91e+03  7.04e+03  4.29e-04
   9  -9.9948070e-01  -2.1900610e+04  8.11e+02  8.25e+02  2.65e-04
  10  -9.2276647e-01  -1.0742793e+03  6.95e-01  7.07e-01  7.70e-06
  11  -3.1859649e+00  -3.0003160e+02  1.33e-01  1.36e-01  2.13e-06
  12  -3.1241275e+00  -1.1322577e+02  7.27e-04  7.39e-04  7.90e-07
  13  -3.1280453e+00  -6.1267295e+01  6.87e-04  6.98e-04  4.17e-07
  14  -3.1980511e+00  -3.3683720e+00  4.02e-06  1.73e-06  1.44e-09
  15  -3.1980589e+00  -3.1980954e+00  3.76e-06  1.08e-10  4.69e-13
  16  -3.1980555e+00  -3.1980556e+00  1.88e-06  1.04e-10  3.22e-13
  17  -3.1980530e+00  -3.1980556e+00  3.06e-06  1.07e-10  2.44e-09
Barrier time = 0.05 sec. (29.18 ticks)

Primal crossover.
  Primal:  Fixing 2392 variables.
     2391 PMoves:  Infeasibility  1.12346261e-07  Objective -3.19805301e+00
     2153 PMoves:  Infeasibility  2.91647918e-09  Objective -3.19805301e+00
     1876 PMoves:  Infeasibility  2.22361941e-09  Objective -3.19805301e+00
     1590 PMoves:  Infeasibility  2.21736841e-09  Objective -3.19805301e+00
     1292 PMoves:  Infeasibility  1.69792405e-09  Objective -3.19805301e+00
     1023 PMoves:  Infeasibility  1.69693022e-09  Objective -3.19805301e+00
      652 PMoves:  Infeasibility  1.28979506e-09  Objective -3.19805301e+00
      400 PMoves:  Infeasibility  1.96955174e-10  Objective -3.19805301e+00
       58 PMoves:  Infeasibility  7.83817455e-14  Objective -3.19805301e+00
        0 PMoves:  Infeasibility  2.81132062e-12  Objective -3.19805558e+00
  Primal:  Pushed 1351, exchanged 1041.
  Dual:  Fixing 13 variables.
       12 DMoves:  Infeasibility  3.80676727e-12  Objective -3.19805558e+00
        0 DMoves:  Infeasibility  3.90180236e-12  Objective -3.19805558e+00
  Dual:  Pushed 12, exchanged 1.
Using devex.
Total crossover time = 0.02 sec. (22.08 ticks)

Total time on 3 threads = 0.07 sec. (52.46 ticks)

Dual simplex solved model.


Log for 'fba' Clone_1 (V12.5.1.0) Tue Jul 16 08:54:48 2013

Tried aggregator 0 times.
No LP presolve or aggregator reductions.
Presolve time = 0.00 sec. (1.07 ticks)
Parallel mode: using up to 3 threads for barrier.
Number of nonzeros in lower triangle of A*A' = 13510
Using Approximate Minimum Degree ordering
Total time for automatic ordering = 0.00 sec. (3.16 ticks)
Summary statistics for Cholesky factor:
  Threads                   = 3
  Rows in Factor            = 1237
  Integer space required    = 7462
  Total non-zeros in factor = 44362
  Total FP ops to factor    = 3233944
 Itn      Primal Obj        Dual Obj  Prim Inf Upper Inf  Dual Inf          
   0   1.1593036e+03  -8.6697912e+06  3.47e+06  3.53e+06  1.92e+02
   1   6.7525812e+01  -2.8021571e+06  1.92e+06  1.95e+06  1.85e+01
   2   8.7735952e+01  -1.2144998e+06  8.45e+05  8.62e+05  3.85e+00
   3   2.8011842e+01  -4.5823720e+05  2.93e+05  2.99e+05  9.67e-01
   4   1.1408281e+01  -3.6898424e+05  1.33e+05  1.35e+05  6.01e-01
   5   9.1692612e+00  -2.3114008e+05  1.09e+05  1.11e+05  1.49e-01
   6   4.1057504e+00  -1.0169887e+05  4.29e+04  4.37e+04  4.06e-02
   7   1.4981309e+00  -5.2880127e+04  8.13e+03  8.28e+03  1.20e-02
   8   5.6427692e-01  -3.1479476e+04  1.05e+03  1.07e+03  2.59e-03
   9   4.0681649e-01  -2.3510962e+03  3.92e+00  3.99e+00  1.13e-04
  10   2.1223748e-01  -6.6504355e+01  9.50e-03  9.67e-03  3.19e-06
  11   6.6089813e-03  -1.2325107e-02  2.86e-04  2.91e-04  1.36e-10
  12   3.3044907e-07  -2.7634862e-06  1.22e-07  1.45e-08  1.55e-13
  13   1.6522453e-11  -8.9386080e-10  1.27e-07  1.11e-10  1.62e-11
  14   8.2993649e-12  -1.8699947e-09  1.46e-07  9.81e-11  8.93e-12
  15   3.0775920e-12  -3.1475555e-09  8.60e-08  8.68e-11  6.33e-12
Barrier time = 0.04 sec. (26.69 ticks)

Primal crossover.
  Primal:  Fixing 2390 variables.
     2389 PMoves:  Infeasibility  3.93154703e-08  Objective  0.00000000e+00
     2110 PMoves:  Infeasibility  1.25898935e-09  Objective  0.00000000e+00
     1701 PMoves:  Infeasibility  9.02457213e-10  Objective  0.00000000e+00
     1435 PMoves:  Infeasibility  8.92472256e-10  Objective  0.00000000e+00
     1139 PMoves:  Infeasibility  8.06466852e-10  Objective  0.00000000e+00
      807 PMoves:  Infeasibility  4.59107613e-10  Objective  0.00000000e+00
Total crossover time = 0.01 sec. (13.14 ticks)

Total time on 3 threads = 0.06 sec. (41.03 ticks)

Dual simplex solved model.


Log for 'fba' Clone_1 (V12.5.1.0) Tue Jul 16 08:54:49 2013


Primal crossover.
  Primal:  Fixing 2394 variables.
     2393 PMoves:  Infeasibility  5.65976325e-08  Objective  0.00000000e+00
     2125 PMoves:  Infeasibility  2.13337867e-09  Objective  0.00000000e+00
     1749 PMoves:  Infeasibility  1.61864716e-09  Objective  0.00000000e+00
     1521 PMoves:  Infeasibility  1.57471924e-09  Objective  0.00000000e+00
     1212 PMoves:  Infeasibility  1.53587948e-09  Objective  0.00000000e+00
      945 PMoves:  Infeasibility  1.51541704e-09  Objective  0.00000000e+00
      478 PMoves:  Infeasibility  9.75592218e-10  Objective  0.00000000e+00
      242 PMoves:  Infeasibility  4.10648904e-10  Objective  0.00000000e+00
        0 PMoves:  Infeasibility  2.68576827e-12  Objective  0.00000000e+00
  Primal:  Pushed 1347, exchanged 1047.
  Dual:  Fixing 13 variables.
       12 DMoves:  Infeasibility  1.79053920e-13  Objective  4.18891413e-14
        0 DMoves:  Infeasibility  1.88268771e-13  Objective  1.04231067e-13
  Dual:  Pushed 13, exchanged 0.
Using devex.

Dual simplex solved model.


Log for 'fba' Clone_1 (V12.5.1.0) Tue Jul 16 08:54:49 2013

Tried aggregator 0 times.
No LP presolve or aggregator reductions.
Presolve time = 0.00 sec. (1.07 ticks)
Parallel mode: using up to 3 threads for barrier.
Number of nonzeros in lower triangle of A*A' = 13510
Using Approximate Minimum Degree ordering
Total time for automatic ordering = 0.00 sec. (3.16 ticks)
Summary statistics for Cholesky factor:
  Threads                   = 3
  Rows in Factor            = 1237
  Integer space required    = 7462
  Total non-zeros in factor = 44362
  Total FP ops to factor    = 3233944
 Itn      Primal Obj        Dual Obj  Prim Inf Upper Inf  Dual Inf          
   0   1.1593036e+03  -8.6697912e+06  3.47e+06  3.53e+06  1.92e+02
   1   6.7525812e+01  -2.8021571e+06  1.92e+06  1.95e+06  1.85e+01
   2   8.7735952e+01  -1.2144998e+06  8.45e+05  8.62e+05  3.85e+00
   3   2.8011842e+01  -4.5823720e+05  2.93e+05  2.99e+05  9.67e-01
   4   1.1408281e+01  -3.6898424e+05  1.33e+05  1.35e+05  6.01e-01
   5   9.1692612e+00  -2.3114008e+05  1.09e+05  1.11e+05  1.49e-01
   6   4.1057504e+00  -1.0169887e+05  4.29e+04  4.37e+04  4.06e-02
   7   1.4981309e+00  -5.2880127e+04  8.13e+03  8.28e+03  1.20e-02
   8   5.6427692e-01  -3.1479476e+04  1.05e+03  1.07e+03  2.59e-03
   9   4.0681649e-01  -2.3510962e+03  3.92e+00  3.99e+00  1.13e-04
  10   2.1223748e-01  -6.6504355e+01  9.50e-03  9.67e-03  3.19e-06
  11   6.6089813e-03  -1.2325107e-02  2.86e-04  2.91e-04  1.36e-10
  12   3.3044907e-07  -2.7634862e-06  1.22e-07  1.45e-08  1.55e-13
  13   1.6522453e-11  -8.9386080e-10  1.27e-07  1.11e-10  1.62e-11
  14   8.2993649e-12  -1.8699947e-09  1.46e-07  9.81e-11  8.93e-12
  15   3.0775920e-12  -3.1475555e-09  8.60e-08  8.68e-11  6.33e-12
Barrier time = 0.05 sec. (26.69 ticks)

Primal crossover.
  Primal:  Fixing 2390 variables.
     2389 PMoves:  Infeasibility  3.93154703e-08  Objective  0.00000000e+00
     2110 PMoves:  Infeasibility  1.25898935e-09  Objective  0.00000000e+00
     1701 PMoves:  Infeasibility  9.02457213e-10  Objective  0.00000000e+00
     1435 PMoves:  Infeasibility  8.92472256e-10  Objective  0.00000000e+00
     1139 PMoves:  Infeasibility  8.06466852e-10  Objective  0.00000000e+00
      807 PMoves:  Infeasibility  4.59107613e-10  Objective  0.00000000e+00
Total crossover time = 0.01 sec. (12.82 ticks)

Total time on 3 threads = 0.06 sec. (40.71 ticks)

Dual simplex solved model.


Log for 'fba' Clone_1 (V12.5.1.0) Tue Jul 16 08:54:49 2013

Tried aggregator 0 times.
No LP presolve or aggregator reductions.
Presolve time = 0.00 sec. (1.07 ticks)
Parallel mode: using up to 3 threads for barrier.
Number of nonzeros in lower triangle of A*A' = 13510
Using Approximate Minimum Degree ordering
Total time for automatic ordering = 0.00 sec. (3.16 ticks)
Summary statistics for Cholesky factor:
  Threads                   = 3
  Rows in Factor            = 1237
  Integer space required    = 7462
  Total non-zeros in factor = 44362
  Total FP ops to factor    = 3233944
 Itn      Primal Obj        Dual Obj  Prim Inf Upper Inf  Dual Inf          
   0  -1.1593036e+03  -8.6707912e+06  3.47e+06  3.53e+06  1.92e+02
   1  -1.0403117e+02  -2.7804246e+06  2.09e+06  2.13e+06  2.07e+01
   2  -1.8822762e+02  -1.3315919e+06  9.90e+05  1.01e+06  4.95e+00
   3  -5.8781957e+01  -4.3450782e+05  3.36e+05  3.42e+05  9.80e-01
   4  -2.4086621e+01  -3.8389473e+05  1.59e+05  1.62e+05  7.15e-01
   5  -1.9241800e+01  -2.4670353e+05  1.26e+05  1.28e+05  3.55e-01
   6  -8.3124678e+00  -1.1919453e+05  5.67e+04  5.78e+04  6.24e-02
   7  -3.5527666e+00  -5.4264084e+04  1.95e+04  1.98e+04  2.33e-03
   8  -1.7084680e+00  -3.2660454e+04  6.91e+03  7.04e+03  4.29e-04
   9  -9.9948070e-01  -2.1900610e+04  8.11e+02  8.25e+02  2.65e-04
  10  -9.2276647e-01  -1.0742793e+03  6.95e-01  7.07e-01  7.70e-06
  11  -3.1859649e+00  -3.0003160e+02  1.33e-01  1.36e-01  2.13e-06
  12  -3.1241275e+00  -1.1322577e+02  7.27e-04  7.39e-04  7.90e-07
  13  -3.1280453e+00  -6.1267295e+01  6.87e-04  6.98e-04  4.17e-07
  14  -3.1980511e+00  -3.3683720e+00  4.02e-06  1.73e-06  1.44e-09
  15  -3.1980589e+00  -3.1980954e+00  3.76e-06  1.08e-10  4.69e-13
  16  -3.1980555e+00  -3.1980556e+00  1.88e-06  1.04e-10  3.22e-13
  17  -3.1980530e+00  -3.1980556e+00  3.06e-06  1.07e-10  2.44e-09
Barrier time = 0.05 sec. (29.18 ticks)

Primal crossover.
  Primal:  Fixing 2392 variables.
     2391 PMoves:  Infeasibility  1.12346261e-07  Objective -3.19805301e+00
     2153 PMoves:  Infeasibility  2.91647918e-09  Objective -3.19805301e+00
     1876 PMoves:  Infeasibility  2.22361941e-09  Objective -3.19805301e+00
     1590 PMoves:  Infeasibility  2.21736841e-09  Objective -3.19805301e+00
     1292 PMoves:  Infeasibility  1.69792405e-09  Objective -3.19805301e+00
     1023 PMoves:  Infeasibility  1.69693022e-09  Objective -3.19805301e+00
      652 PMoves:  Infeasibility  1.28979506e-09  Objective -3.19805301e+00
      400 PMoves:  Infeasibility  1.96955174e-10  Objective -3.19805301e+00
       58 PMoves:  Infeasibility  7.83817455e-14  Objective -3.19805301e+00
        0 PMoves:  Infeasibility  2.81132062e-12  Objective -3.19805558e+00
  Primal:  Pushed 1351, exchanged 1041.
  Dual:  Fixing 13 variables.
       12 DMoves:  Infeasibility  3.80676727e-12  Objective -3.19805558e+00
        0 DMoves:  Infeasibility  3.90180236e-12  Objective -3.19805558e+00
  Dual:  Pushed 12, exchanged 1.
Using devex.
Total crossover time = 0.02 sec. (22.08 ticks)

Total time on 3 threads = 0.08 sec. (52.46 ticks)

Dual simplex solved model.


Log for 'fba' Clone_1 (V12.5.1.0) Tue Jul 16 08:55:06 2013

Tried aggregator 0 times.
No LP presolve or aggregator reductions.
Presolve time = 0.00 sec. (1.07 ticks)
Parallel mode: using up to 3 threads for barrier.
Number of nonzeros in lower triangle of A*A' = 13510
Using Approximate Minimum Degree ordering
Total time for automatic ordering = 0.00 sec. (3.16 ticks)
Summary statistics for Cholesky factor:
  Threads                   = 3
  Rows in Factor            = 1237
  Integer space required    = 7462
  Total non-zeros in factor = 44362
  Total FP ops to factor    = 3233944
 Itn      Primal Obj        Dual Obj  Prim Inf Upper Inf  Dual Inf          
   0   1.1593036e+03  -8.6697912e+06  3.47e+06  3.53e+06  1.92e+02
   1   6.7525812e+01  -2.8021571e+06  1.92e+06  1.95e+06  1.85e+01
   2   8.7735952e+01  -1.2144998e+06  8.45e+05  8.62e+05  3.85e+00
   3   2.8011842e+01  -4.5823720e+05  2.93e+05  2.99e+05  9.67e-01
   4   1.1408281e+01  -3.6898424e+05  1.33e+05  1.35e+05  6.01e-01
   5   9.1692612e+00  -2.3114008e+05  1.09e+05  1.11e+05  1.49e-01
   6   4.1057504e+00  -1.0169887e+05  4.29e+04  4.37e+04  4.06e-02
   7   1.4981309e+00  -5.2880127e+04  8.13e+03  8.28e+03  1.20e-02
   8   5.6427692e-01  -3.1479476e+04  1.05e+03  1.07e+03  2.59e-03
   9   4.0681649e-01  -2.3510962e+03  3.92e+00  3.99e+00  1.13e-04
  10   2.1223748e-01  -6.6504355e+01  9.50e-03  9.67e-03  3.19e-06
  11   6.6089813e-03  -1.2325107e-02  2.86e-04  2.91e-04  1.36e-10
  12   3.3044907e-07  -2.7634862e-06  1.22e-07  1.45e-08  1.55e-13
  13   1.6522453e-11  -8.9386080e-10  1.27e-07  1.11e-10  1.62e-11
  14   8.2993649e-12  -1.8699947e-09  1.46e-07  9.81e-11  8.93e-12
  15   3.0775920e-12  -3.1475555e-09  8.60e-08  8.68e-11  6.33e-12
Barrier time = 0.05 sec. (26.69 ticks)

Primal crossover.
  Primal:  Fixing 2390 variables.
     2389 PMoves:  Infeasibility  3.93154703e-08  Objective  0.00000000e+00
     2110 PMoves:  Infeasibility  1.25898935e-09  Objective  0.00000000e+00
     1701 PMoves:  Infeasibility  9.02457213e-10  Objective  0.00000000e+00
     1435 PMoves:  Infeasibility  8.92472256e-10  Objective  0.00000000e+00
     1139 PMoves:  Infeasibility  8.06466852e-10  Objective  0.00000000e+00
Total crossover time = 0.01 sec. (12.06 ticks)

Total time on 3 threads = 0.06 sec. (39.94 ticks)

Dual simplex solved model.


Log for 'fba' Clone_1 (V12.5.1.0) Tue Jul 16 08:55:06 2013


Primal crossover.
  Primal:  Fixing 2394 variables.
     2393 PMoves:  Infeasibility  5.65976325e-08  Objective  0.00000000e+00
     2125 PMoves:  Infeasibility  2.13337867e-09  Objective  0.00000000e+00
     1749 PMoves:  Infeasibility  1.61864716e-09  Objective  0.00000000e+00
     1521 PMoves:  Infeasibility  1.57471924e-09  Objective  0.00000000e+00
     1212 PMoves:  Infeasibility  1.53587948e-09  Objective  0.00000000e+00
      945 PMoves:  Infeasibility  1.51541704e-09  Objective  0.00000000e+00
      478 PMoves:  Infeasibility  9.75592218e-10  Objective  0.00000000e+00
      242 PMoves:  Infeasibility  4.10648904e-10  Objective  0.00000000e+00
        0 PMoves:  Infeasibility  2.68576827e-12  Objective  0.00000000e+00
  Primal:  Pushed 1347, exchanged 1047.
  Dual:  Fixing 13 variables.
       12 DMoves:  Infeasibility  1.79053920e-13  Objective  4.18891413e-14
        0 DMoves:  Infeasibility  1.88268771e-13  Objective  1.04231067e-13
  Dual:  Pushed 13, exchanged 0.
Using devex.

Dual simplex solved model.


Log for 'fba' Clone_1 (V12.5.1.0) Tue Jul 16 08:55:07 2013

Tried aggregator 0 times.
No LP presolve or aggregator reductions.
Presolve time = 0.00 sec. (1.07 ticks)
Parallel mode: using up to 3 threads for barrier.
Number of nonzeros in lower triangle of A*A' = 13510
Using Approximate Minimum Degree ordering
Total time for automatic ordering = 0.00 sec. (3.16 ticks)
Summary statistics for Cholesky factor:
  Threads                   = 3
  Rows in Factor            = 1237
  Integer space required    = 7462
  Total non-zeros in factor = 44362
  Total FP ops to factor    = 3233944
 Itn      Primal Obj        Dual Obj  Prim Inf Upper Inf  Dual Inf          
   0   1.1593036e+03  -8.6697912e+06  3.47e+06  3.53e+06  1.92e+02
   1   6.7525812e+01  -2.8021571e+06  1.92e+06  1.95e+06  1.85e+01
   2   8.7735952e+01  -1.2144998e+06  8.45e+05  8.62e+05  3.85e+00
   3   2.8011842e+01  -4.5823720e+05  2.93e+05  2.99e+05  9.67e-01
   4   1.1408281e+01  -3.6898424e+05  1.33e+05  1.35e+05  6.01e-01
   5   9.1692612e+00  -2.3114008e+05  1.09e+05  1.11e+05  1.49e-01
   6   4.1057504e+00  -1.0169887e+05  4.29e+04  4.37e+04  4.06e-02
   7   1.4981309e+00  -5.2880127e+04  8.13e+03  8.28e+03  1.20e-02
   8   5.6427692e-01  -3.1479476e+04  1.05e+03  1.07e+03  2.59e-03
   9   4.0681649e-01  -2.3510962e+03  3.92e+00  3.99e+00  1.13e-04
  10   2.1223748e-01  -6.6504355e+01  9.50e-03  9.67e-03  3.19e-06
  11   6.6089813e-03  -1.2325107e-02  2.86e-04  2.91e-04  1.36e-10
  12   3.3044907e-07  -2.7634862e-06  1.22e-07  1.45e-08  1.55e-13
  13   1.6522453e-11  -8.9386080e-10  1.27e-07  1.11e-10  1.62e-11
  14   8.2993649e-12  -1.8699947e-09  1.46e-07  9.81e-11  8.93e-12
  15   3.0775920e-12  -3.1475555e-09  8.60e-08  8.68e-11  6.33e-12
Barrier time = 0.05 sec. (26.69 ticks)

Primal crossover.
  Primal:  Fixing 2390 variables.
     2389 PMoves:  Infeasibility  3.93154703e-08  Objective  0.00000000e+00
     2110 PMoves:  Infeasibility  1.25898935e-09  Objective  0.00000000e+00
     1701 PMoves:  Infeasibility  9.02457213e-10  Objective  0.00000000e+00
     1435 PMoves:  Infeasibility  8.92472256e-10  Objective  0.00000000e+00
     1139 PMoves:  Infeasibility  8.06466852e-10  Objective  0.00000000e+00
      807 PMoves:  Infeasibility  4.59107613e-10  Objective  0.00000000e+00
Total crossover time = 0.01 sec. (12.73 ticks)

Total time on 3 threads = 0.06 sec. (40.62 ticks)

Dual simplex solved model.


Log for 'fba' Clone_1 (V12.5.1.0) Tue Jul 16 08:55:07 2013

Tried aggregator 0 times.
No LP presolve or aggregator reductions.
Presolve time = 0.00 sec. (1.07 ticks)
Parallel mode: using up to 3 threads for barrier.
Number of nonzeros in lower triangle of A*A' = 13510
Using Approximate Minimum Degree ordering
Total time for automatic ordering = 0.00 sec. (3.16 ticks)
Summary statistics for Cholesky factor:
  Threads                   = 3
  Rows in Factor            = 1237
  Integer space required    = 7462
  Total non-zeros in factor = 44362
  Total FP ops to factor    = 3233944
 Itn      Primal Obj        Dual Obj  Prim Inf Upper Inf  Dual Inf          
   0  -1.1593036e+03  -8.6707912e+06  3.47e+06  3.53e+06  1.92e+02
   1  -1.0403117e+02  -2.7804246e+06  2.09e+06  2.13e+06  2.07e+01
   2  -1.8822762e+02  -1.3315919e+06  9.90e+05  1.01e+06  4.95e+00
   3  -5.8781957e+01  -4.3450782e+05  3.36e+05  3.42e+05  9.80e-01
   4  -2.4086621e+01  -3.8389473e+05  1.59e+05  1.62e+05  7.15e-01
   5  -1.9241800e+01  -2.4670353e+05  1.26e+05  1.28e+05  3.55e-01
   6  -8.3124678e+00  -1.1919453e+05  5.67e+04  5.78e+04  6.24e-02
   7  -3.5527666e+00  -5.4264084e+04  1.95e+04  1.98e+04  2.33e-03
   8  -1.7084680e+00  -3.2660454e+04  6.91e+03  7.04e+03  4.29e-04
   9  -9.9948070e-01  -2.1900610e+04  8.11e+02  8.25e+02  2.65e-04
  10  -9.2276647e-01  -1.0742793e+03  6.95e-01  7.07e-01  7.70e-06
  11  -3.1859649e+00  -3.0003160e+02  1.33e-01  1.36e-01  2.13e-06
  12  -3.1241275e+00  -1.1322577e+02  7.27e-04  7.39e-04  7.90e-07
  13  -3.1280453e+00  -6.1267295e+01  6.87e-04  6.98e-04  4.17e-07
  14  -3.1980511e+00  -3.3683720e+00  4.02e-06  1.73e-06  1.44e-09
  15  -3.1980589e+00  -3.1980954e+00  3.76e-06  1.08e-10  4.69e-13
  16  -3.1980555e+00  -3.1980556e+00  1.88e-06  1.04e-10  3.22e-13
  17  -3.1980530e+00  -3.1980556e+00  3.06e-06  1.07e-10  2.44e-09
Barrier time = 0.05 sec. (29.18 ticks)

Primal crossover.
  Primal:  Fixing 2392 variables.
     2391 PMoves:  Infeasibility  1.12346261e-07  Objective -3.19805301e+00
     2153 PMoves:  Infeasibility  2.91647918e-09  Objective -3.19805301e+00
     1876 PMoves:  Infeasibility  2.22361941e-09  Objective -3.19805301e+00
     1590 PMoves:  Infeasibility  2.21736841e-09  Objective -3.19805301e+00
     1292 PMoves:  Infeasibility  1.69792405e-09  Objective -3.19805301e+00
     1023 PMoves:  Infeasibility  1.69693022e-09  Objective -3.19805301e+00
      652 PMoves:  Infeasibility  1.28979506e-09  Objective -3.19805301e+00
      400 PMoves:  Infeasibility  1.96955174e-10  Objective -3.19805301e+00
       58 PMoves:  Infeasibility  7.83817455e-14  Objective -3.19805301e+00
        0 PMoves:  Infeasibility  2.81132062e-12  Objective -3.19805558e+00
  Primal:  Pushed 1351, exchanged 1041.
  Dual:  Fixing 13 variables.
       12 DMoves:  Infeasibility  3.80676727e-12  Objective -3.19805558e+00
        0 DMoves:  Infeasibility  3.90180236e-12  Objective -3.19805558e+00
  Dual:  Pushed 12, exchanged 1.
Using devex.
Total crossover time = 0.02 sec. (22.08 ticks)

Total time on 3 threads = 0.07 sec. (52.46 ticks)

Dual simplex solved model.


Log for 'fba' Clone_1 (V12.5.1.0) Tue Jul 16 08:56:27 2013

Tried aggregator 0 times.
No LP presolve or aggregator reductions.
Presolve time = 0.00 sec. (1.07 ticks)
Parallel mode: using up to 3 threads for barrier.
Number of nonzeros in lower triangle of A*A' = 13510
Using Approximate Minimum Degree ordering
Total time for automatic ordering = 0.00 sec. (3.16 ticks)
Summary statistics for Cholesky factor:
  Threads                   = 3
  Rows in Factor            = 1237
  Integer space required    = 7462
  Total non-zeros in factor = 44362
  Total FP ops to factor    = 3233944
 Itn      Primal Obj        Dual Obj  Prim Inf Upper Inf  Dual Inf          
   0   1.1593036e+03  -8.6697912e+06  3.47e+06  3.53e+06  1.92e+02
   1   6.7525812e+01  -2.8021571e+06  1.92e+06  1.95e+06  1.85e+01
   2   8.7735952e+01  -1.2144998e+06  8.45e+05  8.62e+05  3.85e+00
   3   2.8011842e+01  -4.5823720e+05  2.93e+05  2.99e+05  9.67e-01
   4   1.1408281e+01  -3.6898424e+05  1.33e+05  1.35e+05  6.01e-01
   5   9.1692612e+00  -2.3114008e+05  1.09e+05  1.11e+05  1.49e-01
   6   4.1057504e+00  -1.0169887e+05  4.29e+04  4.37e+04  4.06e-02
   7   1.4981309e+00  -5.2880127e+04  8.13e+03  8.28e+03  1.20e-02
   8   5.6427692e-01  -3.1479476e+04  1.05e+03  1.07e+03  2.59e-03
   9   4.0681649e-01  -2.3510962e+03  3.92e+00  3.99e+00  1.13e-04
  10   2.1223748e-01  -6.6504355e+01  9.50e-03  9.67e-03  3.19e-06
  11   6.6089813e-03  -1.2325107e-02  2.86e-04  2.91e-04  1.36e-10
  12   3.3044907e-07  -2.7634862e-06  1.22e-07  1.45e-08  1.55e-13
  13   1.6522453e-11  -8.9386080e-10  1.27e-07  1.11e-10  1.62e-11
  14   8.2993649e-12  -1.8699947e-09  1.46e-07  9.81e-11  8.93e-12
  15   3.0775920e-12  -3.1475555e-09  8.60e-08  8.68e-11  6.33e-12
Barrier time = 0.05 sec. (26.69 ticks)

Primal crossover.
  Primal:  Fixing 2390 variables.
     2389 PMoves:  Infeasibility  3.93154703e-08  Objective  0.00000000e+00
     2110 PMoves:  Infeasibility  1.25898935e-09  Objective  0.00000000e+00
     1701 PMoves:  Infeasibility  9.02457213e-10  Objective  0.00000000e+00
     1435 PMoves:  Infeasibility  8.92472256e-10  Objective  0.00000000e+00
     1139 PMoves:  Infeasibility  8.06466852e-10  Objective  0.00000000e+00
Total crossover time = 0.01 sec. (11.14 ticks)

Total time on 3 threads = 0.06 sec. (39.02 ticks)

Dual simplex solved model.


Log for 'fba' Clone_1 (V12.5.1.0) Tue Jul 16 08:56:28 2013


Primal crossover.
  Primal:  Fixing 2394 variables.
     2393 PMoves:  Infeasibility  5.65976325e-08  Objective  0.00000000e+00
     2125 PMoves:  Infeasibility  2.13337867e-09  Objective  0.00000000e+00
     1749 PMoves:  Infeasibility  1.61864716e-09  Objective  0.00000000e+00
     1521 PMoves:  Infeasibility  1.57471924e-09  Objective  0.00000000e+00
     1212 PMoves:  Infeasibility  1.53587948e-09  Objective  0.00000000e+00
      945 PMoves:  Infeasibility  1.51541704e-09  Objective  0.00000000e+00
      478 PMoves:  Infeasibility  9.75592218e-10  Objective  0.00000000e+00
      242 PMoves:  Infeasibility  4.10648904e-10  Objective  0.00000000e+00
        0 PMoves:  Infeasibility  2.68576827e-12  Objective  0.00000000e+00
  Primal:  Pushed 1347, exchanged 1047.
  Dual:  Fixing 13 variables.
       12 DMoves:  Infeasibility  1.79053920e-13  Objective  4.18891413e-14
        0 DMoves:  Infeasibility  1.88268771e-13  Objective  1.04231067e-13
  Dual:  Pushed 13, exchanged 0.
Using devex.

Dual simplex solved model.


Log for 'fba' Clone_1 (V12.5.1.0) Tue Jul 16 08:56:28 2013

Tried aggregator 0 times.
No LP presolve or aggregator reductions.
Presolve time = 0.00 sec. (1.07 ticks)
Parallel mode: using up to 3 threads for barrier.
Number of nonzeros in lower triangle of A*A' = 13510
Using Approximate Minimum Degree ordering
Total time for automatic ordering = 0.00 sec. (3.16 ticks)
Summary statistics for Cholesky factor:
  Threads                   = 3
  Rows in Factor            = 1237
  Integer space required    = 7462
  Total non-zeros in factor = 44362
  Total FP ops to factor    = 3233944
 Itn      Primal Obj        Dual Obj  Prim Inf Upper Inf  Dual Inf          
   0   1.1593036e+03  -8.6697912e+06  3.47e+06  3.53e+06  1.92e+02
   1   6.7525812e+01  -2.8021571e+06  1.92e+06  1.95e+06  1.85e+01
   2   8.7735952e+01  -1.2144998e+06  8.45e+05  8.62e+05  3.85e+00
   3   2.8011842e+01  -4.5823720e+05  2.93e+05  2.99e+05  9.67e-01
   4   1.1408281e+01  -3.6898424e+05  1.33e+05  1.35e+05  6.01e-01
   5   9.1692612e+00  -2.3114008e+05  1.09e+05  1.11e+05  1.49e-01
   6   4.1057504e+00  -1.0169887e+05  4.29e+04  4.37e+04  4.06e-02
   7   1.4981309e+00  -5.2880127e+04  8.13e+03  8.28e+03  1.20e-02
   8   5.6427692e-01  -3.1479476e+04  1.05e+03  1.07e+03  2.59e-03
   9   4.0681649e-01  -2.3510962e+03  3.92e+00  3.99e+00  1.13e-04
  10   2.1223748e-01  -6.6504355e+01  9.50e-03  9.67e-03  3.19e-06
  11   6.6089813e-03  -1.2325107e-02  2.86e-04  2.91e-04  1.36e-10
  12   3.3044907e-07  -2.7634862e-06  1.22e-07  1.45e-08  1.55e-13
  13   1.6522453e-11  -8.9386080e-10  1.27e-07  1.11e-10  1.62e-11
  14   8.2993649e-12  -1.8699947e-09  1.46e-07  9.81e-11  8.93e-12
  15   3.0775920e-12  -3.1475555e-09  8.60e-08  8.68e-11  6.33e-12
Barrier time = 0.05 sec. (26.69 ticks)

Primal crossover.
  Primal:  Fixing 2390 variables.
     2389 PMoves:  Infeasibility  3.93154703e-08  Objective  0.00000000e+00
     2110 PMoves:  Infeasibility  1.25898935e-09  Objective  0.00000000e+00
     1701 PMoves:  Infeasibility  9.02457213e-10  Objective  0.00000000e+00
     1435 PMoves:  Infeasibility  8.92472256e-10  Objective  0.00000000e+00
     1139 PMoves:  Infeasibility  8.06466852e-10  Objective  0.00000000e+00
Total crossover time = 0.01 sec. (9.36 ticks)

Total time on 3 threads = 0.06 sec. (37.25 ticks)

Dual simplex solved model.


Log for 'fba' Clone_1 (V12.5.1.0) Tue Jul 16 08:56:28 2013

Tried aggregator 0 times.
No LP presolve or aggregator reductions.
Presolve time = 0.00 sec. (1.07 ticks)
Parallel mode: using up to 3 threads for barrier.
Number of nonzeros in lower triangle of A*A' = 13510
Using Approximate Minimum Degree ordering
Total time for automatic ordering = 0.00 sec. (3.16 ticks)
Summary statistics for Cholesky factor:
  Threads                   = 3
  Rows in Factor            = 1237
  Integer space required    = 7462
  Total non-zeros in factor = 44362
  Total FP ops to factor    = 3233944
 Itn      Primal Obj        Dual Obj  Prim Inf Upper Inf  Dual Inf          
   0  -1.1593036e+03  -8.6707912e+06  3.47e+06  3.53e+06  1.92e+02
   1  -1.0403117e+02  -2.7804246e+06  2.09e+06  2.13e+06  2.07e+01
   2  -1.8822762e+02  -1.3315919e+06  9.90e+05  1.01e+06  4.95e+00
   3  -5.8781957e+01  -4.3450782e+05  3.36e+05  3.42e+05  9.80e-01
   4  -2.4086621e+01  -3.8389473e+05  1.59e+05  1.62e+05  7.15e-01
   5  -1.9241800e+01  -2.4670353e+05  1.26e+05  1.28e+05  3.55e-01
   6  -8.3124678e+00  -1.1919453e+05  5.67e+04  5.78e+04  6.24e-02
   7  -3.5527666e+00  -5.4264084e+04  1.95e+04  1.98e+04  2.33e-03
   8  -1.7084680e+00  -3.2660454e+04  6.91e+03  7.04e+03  4.29e-04
   9  -9.9948070e-01  -2.1900610e+04  8.11e+02  8.25e+02  2.65e-04
  10  -9.2276647e-01  -1.0742793e+03  6.95e-01  7.07e-01  7.70e-06
  11  -3.1859649e+00  -3.0003160e+02  1.33e-01  1.36e-01  2.13e-06
  12  -3.1241275e+00  -1.1322577e+02  7.27e-04  7.39e-04  7.90e-07
  13  -3.1280453e+00  -6.1267295e+01  6.87e-04  6.98e-04  4.17e-07
  14  -3.1980511e+00  -3.3683720e+00  4.02e-06  1.73e-06  1.44e-09
  15  -3.1980589e+00  -3.1980954e+00  3.76e-06  1.08e-10  4.69e-13
  16  -3.1980555e+00  -3.1980556e+00  1.88e-06  1.04e-10  3.22e-13
  17  -3.1980530e+00  -3.1980556e+00  3.06e-06  1.07e-10  2.44e-09
Barrier time = 0.05 sec. (29.18 ticks)

Primal crossover.
  Primal:  Fixing 2392 variables.
     2391 PMoves:  Infeasibility  1.12346261e-07  Objective -3.19805301e+00
     2153 PMoves:  Infeasibility  2.91647918e-09  Objective -3.19805301e+00
     1876 PMoves:  Infeasibility  2.22361941e-09  Objective -3.19805301e+00
     1590 PMoves:  Infeasibility  2.21736841e-09  Objective -3.19805301e+00
     1292 PMoves:  Infeasibility  1.69792405e-09  Objective -3.19805301e+00
     1023 PMoves:  Infeasibility  1.69693022e-09  Objective -3.19805301e+00
      652 PMoves:  Infeasibility  1.28979506e-09  Objective -3.19805301e+00
      400 PMoves:  Infeasibility  1.96955174e-10  Objective -3.19805301e+00
       58 PMoves:  Infeasibility  7.83817455e-14  Objective -3.19805301e+00
        0 PMoves:  Infeasibility  2.81132062e-12  Objective -3.19805558e+00
  Primal:  Pushed 1351, exchanged 1041.
  Dual:  Fixing 13 variables.
       12 DMoves:  Infeasibility  3.80676727e-12  Objective -3.19805558e+00
        0 DMoves:  Infeasibility  3.90180236e-12  Objective -3.19805558e+00
  Dual:  Pushed 12, exchanged 1.
Using devex.
Total crossover time = 0.02 sec. (22.08 ticks)

Total time on 3 threads = 0.08 sec. (52.46 ticks)

Dual simplex solved model.


Log for 'fba' Clone_1 (V12.5.1.0) Tue Jul 16 08:57:34 2013

Tried aggregator 0 times.
No LP presolve or aggregator reductions.
Presolve time = 0.00 sec. (1.07 ticks)
Parallel mode: using up to 3 threads for barrier.
Number of nonzeros in lower triangle of A*A' = 13510
Using Approximate Minimum Degree ordering
Total time for automatic ordering = 0.00 sec. (3.16 ticks)
Summary statistics for Cholesky factor:
  Threads                   = 3
  Rows in Factor            = 1237
  Integer space required    = 7462
  Total non-zeros in factor = 44362
  Total FP ops to factor    = 3233944
 Itn      Primal Obj        Dual Obj  Prim Inf Upper Inf  Dual Inf          
   0   1.1593036e+03  -8.6697912e+06  3.47e+06  3.53e+06  1.92e+02
   1   6.7525812e+01  -2.8021571e+06  1.92e+06  1.95e+06  1.85e+01
   2   8.7735952e+01  -1.2144998e+06  8.45e+05  8.62e+05  3.85e+00
   3   2.8011842e+01  -4.5823720e+05  2.93e+05  2.99e+05  9.67e-01
   4   1.1408281e+01  -3.6898424e+05  1.33e+05  1.35e+05  6.01e-01
   5   9.1692612e+00  -2.3114008e+05  1.09e+05  1.11e+05  1.49e-01
   6   4.1057504e+00  -1.0169887e+05  4.29e+04  4.37e+04  4.06e-02
   7   1.4981309e+00  -5.2880127e+04  8.13e+03  8.28e+03  1.20e-02
   8   5.6427692e-01  -3.1479476e+04  1.05e+03  1.07e+03  2.59e-03
   9   4.0681649e-01  -2.3510962e+03  3.92e+00  3.99e+00  1.13e-04
  10   2.1223748e-01  -6.6504355e+01  9.50e-03  9.67e-03  3.19e-06
  11   6.6089813e-03  -1.2325107e-02  2.86e-04  2.91e-04  1.36e-10
  12   3.3044907e-07  -2.7634862e-06  1.22e-07  1.45e-08  1.55e-13
  13   1.6522453e-11  -8.9386080e-10  1.27e-07  1.11e-10  1.62e-11
  14   8.2993649e-12  -1.8699947e-09  1.46e-07  9.81e-11  8.93e-12
  15   3.0775920e-12  -3.1475555e-09  8.60e-08  8.68e-11  6.33e-12
Barrier time = 0.05 sec. (26.69 ticks)

Primal crossover.
  Primal:  Fixing 2390 variables.
     2389 PMoves:  Infeasibility  3.93154703e-08  Objective  0.00000000e+00
     2110 PMoves:  Infeasibility  1.25898935e-09  Objective  0.00000000e+00
     1701 PMoves:  Infeasibility  9.02457213e-10  Objective  0.00000000e+00
     1435 PMoves:  Infeasibility  8.92472256e-10  Objective  0.00000000e+00
     1139 PMoves:  Infeasibility  8.06466852e-10  Objective  0.00000000e+00
      807 PMoves:  Infeasibility  4.59107613e-10  Objective  0.00000000e+00
Total crossover time = 0.01 sec. (13.13 ticks)

Total time on 3 threads = 0.06 sec. (41.01 ticks)

Dual simplex solved model.


Log for 'fba' Clone_1 (V12.5.1.0) Tue Jul 16 08:57:34 2013


Primal crossover.
  Primal:  Fixing 2394 variables.
     2393 PMoves:  Infeasibility  5.65976325e-08  Objective  0.00000000e+00
     2125 PMoves:  Infeasibility  2.13337867e-09  Objective  0.00000000e+00
     1749 PMoves:  Infeasibility  1.61864716e-09  Objective  0.00000000e+00
     1521 PMoves:  Infeasibility  1.57471924e-09  Objective  0.00000000e+00
     1212 PMoves:  Infeasibility  1.53587948e-09  Objective  0.00000000e+00
      945 PMoves:  Infeasibility  1.51541704e-09  Objective  0.00000000e+00
      478 PMoves:  Infeasibility  9.75592218e-10  Objective  0.00000000e+00
      242 PMoves:  Infeasibility  4.10648904e-10  Objective  0.00000000e+00
        0 PMoves:  Infeasibility  2.68576827e-12  Objective  0.00000000e+00
  Primal:  Pushed 1347, exchanged 1047.
  Dual:  Fixing 13 variables.
       12 DMoves:  Infeasibility  1.79053920e-13  Objective  4.18891413e-14
        0 DMoves:  Infeasibility  1.88268771e-13  Objective  1.04231067e-13
  Dual:  Pushed 13, exchanged 0.
Using devex.

Dual simplex solved model.


Log for 'fba' Clone_1 (V12.5.1.0) Tue Jul 16 08:57:35 2013

Tried aggregator 0 times.
No LP presolve or aggregator reductions.
Presolve time = 0.00 sec. (1.07 ticks)
Parallel mode: using up to 3 threads for barrier.
Number of nonzeros in lower triangle of A*A' = 13510
Using Approximate Minimum Degree ordering
Total time for automatic ordering = 0.00 sec. (3.16 ticks)
Summary statistics for Cholesky factor:
  Threads                   = 3
  Rows in Factor            = 1237
  Integer space required    = 7462
  Total non-zeros in factor = 44362
  Total FP ops to factor    = 3233944
 Itn      Primal Obj        Dual Obj  Prim Inf Upper Inf  Dual Inf          
   0   1.1593036e+03  -8.6697912e+06  3.47e+06  3.53e+06  1.92e+02
   1   6.7525812e+01  -2.8021571e+06  1.92e+06  1.95e+06  1.85e+01
   2   8.7735952e+01  -1.2144998e+06  8.45e+05  8.62e+05  3.85e+00
   3   2.8011842e+01  -4.5823720e+05  2.93e+05  2.99e+05  9.67e-01
   4   1.1408281e+01  -3.6898424e+05  1.33e+05  1.35e+05  6.01e-01
   5   9.1692612e+00  -2.3114008e+05  1.09e+05  1.11e+05  1.49e-01
   6   4.1057504e+00  -1.0169887e+05  4.29e+04  4.37e+04  4.06e-02
   7   1.4981309e+00  -5.2880127e+04  8.13e+03  8.28e+03  1.20e-02
   8   5.6427692e-01  -3.1479476e+04  1.05e+03  1.07e+03  2.59e-03
   9   4.0681649e-01  -2.3510962e+03  3.92e+00  3.99e+00  1.13e-04
  10   2.1223748e-01  -6.6504355e+01  9.50e-03  9.67e-03  3.19e-06
  11   6.6089813e-03  -1.2325107e-02  2.86e-04  2.91e-04  1.36e-10
  12   3.3044907e-07  -2.7634862e-06  1.22e-07  1.45e-08  1.55e-13
  13   1.6522453e-11  -8.9386080e-10  1.27e-07  1.11e-10  1.62e-11
  14   8.2993649e-12  -1.8699947e-09  1.46e-07  9.81e-11  8.93e-12
  15   3.0775920e-12  -3.1475555e-09  8.60e-08  8.68e-11  6.33e-12
Barrier time = 0.04 sec. (26.69 ticks)

Primal crossover.
  Primal:  Fixing 2390 variables.
     2389 PMoves:  Infeasibility  3.93154703e-08  Objective  0.00000000e+00
     2110 PMoves:  Infeasibility  1.25898935e-09  Objective  0.00000000e+00
     1701 PMoves:  Infeasibility  9.02457213e-10  Objective  0.00000000e+00
     1435 PMoves:  Infeasibility  8.92472256e-10  Objective  0.00000000e+00
     1139 PMoves:  Infeasibility  8.06466852e-10  Objective  0.00000000e+00
      807 PMoves:  Infeasibility  4.59107613e-10  Objective  0.00000000e+00
      419 PMoves:  Infeasibility  1.58732111e-10  Objective  0.00000000e+00
Total crossover time = 0.01 sec. (14.95 ticks)

Total time on 3 threads = 0.06 sec. (42.84 ticks)

Dual simplex solved model.


Log for 'fba' Clone_1 (V12.5.1.0) Tue Jul 16 08:57:35 2013

Tried aggregator 0 times.
No LP presolve or aggregator reductions.
Presolve time = 0.00 sec. (1.07 ticks)
Parallel mode: using up to 3 threads for barrier.
Number of nonzeros in lower triangle of A*A' = 13510
Using Approximate Minimum Degree ordering
Total time for automatic ordering = 0.00 sec. (3.16 ticks)
Summary statistics for Cholesky factor:
  Threads                   = 3
  Rows in Factor            = 1237
  Integer space required    = 7462
  Total non-zeros in factor = 44362
  Total FP ops to factor    = 3233944
 Itn      Primal Obj        Dual Obj  Prim Inf Upper Inf  Dual Inf          
   0  -1.1593036e+03  -8.6707912e+06  3.47e+06  3.53e+06  1.92e+02
   1  -1.0403117e+02  -2.7804246e+06  2.09e+06  2.13e+06  2.07e+01
   2  -1.8822762e+02  -1.3315919e+06  9.90e+05  1.01e+06  4.95e+00
   3  -5.8781957e+01  -4.3450782e+05  3.36e+05  3.42e+05  9.80e-01
   4  -2.4086621e+01  -3.8389473e+05  1.59e+05  1.62e+05  7.15e-01
   5  -1.9241800e+01  -2.4670353e+05  1.26e+05  1.28e+05  3.55e-01
   6  -8.3124678e+00  -1.1919453e+05  5.67e+04  5.78e+04  6.24e-02
   7  -3.5527666e+00  -5.4264084e+04  1.95e+04  1.98e+04  2.33e-03
   8  -1.7084680e+00  -3.2660454e+04  6.91e+03  7.04e+03  4.29e-04
   9  -9.9948070e-01  -2.1900610e+04  8.11e+02  8.25e+02  2.65e-04
  10  -9.2276647e-01  -1.0742793e+03  6.95e-01  7.07e-01  7.70e-06
  11  -3.1859649e+00  -3.0003160e+02  1.33e-01  1.36e-01  2.13e-06
  12  -3.1241275e+00  -1.1322577e+02  7.27e-04  7.39e-04  7.90e-07
  13  -3.1280453e+00  -6.1267295e+01  6.87e-04  6.98e-04  4.17e-07
  14  -3.1980511e+00  -3.3683720e+00  4.02e-06  1.73e-06  1.44e-09
  15  -3.1980589e+00  -3.1980954e+00  3.76e-06  1.08e-10  4.69e-13
  16  -3.1980555e+00  -3.1980556e+00  1.88e-06  1.04e-10  3.22e-13
  17  -3.1980530e+00  -3.1980556e+00  3.06e-06  1.07e-10  2.44e-09
Barrier time = 0.05 sec. (29.18 ticks)

Primal crossover.
  Primal:  Fixing 2392 variables.
     2391 PMoves:  Infeasibility  1.12346261e-07  Objective -3.19805301e+00
     2153 PMoves:  Infeasibility  2.91647918e-09  Objective -3.19805301e+00
     1876 PMoves:  Infeasibility  2.22361941e-09  Objective -3.19805301e+00
     1590 PMoves:  Infeasibility  2.21736841e-09  Objective -3.19805301e+00
     1292 PMoves:  Infeasibility  1.69792405e-09  Objective -3.19805301e+00
     1023 PMoves:  Infeasibility  1.69693022e-09  Objective -3.19805301e+00
      652 PMoves:  Infeasibility  1.28979506e-09  Objective -3.19805301e+00
      400 PMoves:  Infeasibility  1.96955174e-10  Objective -3.19805301e+00
       58 PMoves:  Infeasibility  7.83817455e-14  Objective -3.19805301e+00
        0 PMoves:  Infeasibility  2.81132062e-12  Objective -3.19805558e+00
  Primal:  Pushed 1351, exchanged 1041.
  Dual:  Fixing 13 variables.
       12 DMoves:  Infeasibility  3.80676727e-12  Objective -3.19805558e+00
        0 DMoves:  Infeasibility  3.90180236e-12  Objective -3.19805558e+00
  Dual:  Pushed 12, exchanged 1.
Using devex.
Total crossover time = 0.02 sec. (22.08 ticks)

Total time on 3 threads = 0.07 sec. (52.46 ticks)

Dual simplex solved model.


Log for 'fba' Clone_1 (V12.5.1.0) Tue Jul 16 08:59:10 2013

Tried aggregator 0 times.
No LP presolve or aggregator reductions.
Presolve time = 0.00 sec. (1.07 ticks)
Parallel mode: using up to 3 threads for barrier.
Number of nonzeros in lower triangle of A*A' = 13510
Using Approximate Minimum Degree ordering
Total time for automatic ordering = 0.00 sec. (3.16 ticks)
Summary statistics for Cholesky factor:
  Threads                   = 3
  Rows in Factor            = 1237
  Integer space required    = 7462
  Total non-zeros in factor = 44362
  Total FP ops to factor    = 3233944
 Itn      Primal Obj        Dual Obj  Prim Inf Upper Inf  Dual Inf          
   0   1.1593036e+03  -8.6697912e+06  3.47e+06  3.53e+06  1.92e+02
   1   6.7525812e+01  -2.8021571e+06  1.92e+06  1.95e+06  1.85e+01
   2   8.7735952e+01  -1.2144998e+06  8.45e+05  8.62e+05  3.85e+00
   3   2.8011842e+01  -4.5823720e+05  2.93e+05  2.99e+05  9.67e-01
   4   1.1408281e+01  -3.6898424e+05  1.33e+05  1.35e+05  6.01e-01
   5   9.1692612e+00  -2.3114008e+05  1.09e+05  1.11e+05  1.49e-01
   6   4.1057504e+00  -1.0169887e+05  4.29e+04  4.37e+04  4.06e-02
   7   1.4981309e+00  -5.2880127e+04  8.13e+03  8.28e+03  1.20e-02
   8   5.6427692e-01  -3.1479476e+04  1.05e+03  1.07e+03  2.59e-03
   9   4.0681649e-01  -2.3510962e+03  3.92e+00  3.99e+00  1.13e-04
  10   2.1223748e-01  -6.6504355e+01  9.50e-03  9.67e-03  3.19e-06
  11   6.6089813e-03  -1.2325107e-02  2.86e-04  2.91e-04  1.36e-10
  12   3.3044907e-07  -2.7634862e-06  1.22e-07  1.45e-08  1.55e-13
  13   1.6522453e-11  -8.9386080e-10  1.27e-07  1.11e-10  1.62e-11
  14   8.2993649e-12  -1.8699947e-09  1.46e-07  9.81e-11  8.93e-12
  15   3.0775920e-12  -3.1475555e-09  8.60e-08  8.68e-11  6.33e-12
Barrier time = 0.05 sec. (26.69 ticks)

Primal crossover.
  Primal:  Fixing 2390 variables.
     2389 PMoves:  Infeasibility  3.93154703e-08  Objective  0.00000000e+00
     2110 PMoves:  Infeasibility  1.25898935e-09  Objective  0.00000000e+00
     1701 PMoves:  Infeasibility  9.02457213e-10  Objective  0.00000000e+00
     1435 PMoves:  Infeasibility  8.92472256e-10  Objective  0.00000000e+00
Total crossover time = 0.01 sec. (8.49 ticks)

Total time on 3 threads = 0.06 sec. (36.37 ticks)

Dual simplex solved model.


Log for 'fba' Clone_1 (V12.5.1.0) Tue Jul 16 08:59:11 2013


Primal crossover.
  Primal:  Fixing 2394 variables.
     2393 PMoves:  Infeasibility  5.65976325e-08  Objective  0.00000000e+00
     2125 PMoves:  Infeasibility  2.13337867e-09  Objective  0.00000000e+00
     1749 PMoves:  Infeasibility  1.61864716e-09  Objective  0.00000000e+00
     1521 PMoves:  Infeasibility  1.57471924e-09  Objective  0.00000000e+00
     1212 PMoves:  Infeasibility  1.53587948e-09  Objective  0.00000000e+00
      945 PMoves:  Infeasibility  1.51541704e-09  Objective  0.00000000e+00
      478 PMoves:  Infeasibility  9.75592218e-10  Objective  0.00000000e+00
      242 PMoves:  Infeasibility  4.10648904e-10  Objective  0.00000000e+00
        0 PMoves:  Infeasibility  2.68576827e-12  Objective  0.00000000e+00
  Primal:  Pushed 1347, exchanged 1047.
  Dual:  Fixing 13 variables.
       12 DMoves:  Infeasibility  1.79053920e-13  Objective  4.18891413e-14
        0 DMoves:  Infeasibility  1.88268771e-13  Objective  1.04231067e-13
  Dual:  Pushed 13, exchanged 0.
Using devex.

Dual simplex solved model.


Log for 'fba' Clone_1 (V12.5.1.0) Tue Jul 16 08:59:11 2013

Tried aggregator 0 times.
No LP presolve or aggregator reductions.
Presolve time = 0.00 sec. (1.07 ticks)
Parallel mode: using up to 3 threads for barrier.
Number of nonzeros in lower triangle of A*A' = 13510
Using Approximate Minimum Degree ordering
Total time for automatic ordering = 0.00 sec. (3.16 ticks)
Summary statistics for Cholesky factor:
  Threads                   = 3
  Rows in Factor            = 1237
  Integer space required    = 7462
  Total non-zeros in factor = 44362
  Total FP ops to factor    = 3233944
 Itn      Primal Obj        Dual Obj  Prim Inf Upper Inf  Dual Inf          
   0   1.1593036e+03  -8.6697912e+06  3.47e+06  3.53e+06  1.92e+02
   1   6.7525812e+01  -2.8021571e+06  1.92e+06  1.95e+06  1.85e+01
   2   8.7735952e+01  -1.2144998e+06  8.45e+05  8.62e+05  3.85e+00
   3   2.8011842e+01  -4.5823720e+05  2.93e+05  2.99e+05  9.67e-01
   4   1.1408281e+01  -3.6898424e+05  1.33e+05  1.35e+05  6.01e-01
   5   9.1692612e+00  -2.3114008e+05  1.09e+05  1.11e+05  1.49e-01
   6   4.1057504e+00  -1.0169887e+05  4.29e+04  4.37e+04  4.06e-02
   7   1.4981309e+00  -5.2880127e+04  8.13e+03  8.28e+03  1.20e-02
   8   5.6427692e-01  -3.1479476e+04  1.05e+03  1.07e+03  2.59e-03
   9   4.0681649e-01  -2.3510962e+03  3.92e+00  3.99e+00  1.13e-04
  10   2.1223748e-01  -6.6504355e+01  9.50e-03  9.67e-03  3.19e-06
  11   6.6089813e-03  -1.2325107e-02  2.86e-04  2.91e-04  1.36e-10
  12   3.3044907e-07  -2.7634862e-06  1.22e-07  1.45e-08  1.55e-13
  13   1.6522453e-11  -8.9386080e-10  1.27e-07  1.11e-10  1.62e-11
  14   8.2993649e-12  -1.8699947e-09  1.46e-07  9.81e-11  8.93e-12
  15   3.0775920e-12  -3.1475555e-09  8.60e-08  8.68e-11  6.33e-12
Barrier time = 0.05 sec. (26.69 ticks)

Primal crossover.
  Primal:  Fixing 2390 variables.
     2389 PMoves:  Infeasibility  3.93154703e-08  Objective  0.00000000e+00
     2110 PMoves:  Infeasibility  1.25898935e-09  Objective  0.00000000e+00
     1701 PMoves:  Infeasibility  9.02457213e-10  Objective  0.00000000e+00
     1435 PMoves:  Infeasibility  8.92472256e-10  Objective  0.00000000e+00
     1139 PMoves:  Infeasibility  8.06466852e-10  Objective  0.00000000e+00
      807 PMoves:  Infeasibility  4.59107613e-10  Objective  0.00000000e+00
Total crossover time = 0.01 sec. (12.68 ticks)

Total time on 3 threads = 0.06 sec. (40.57 ticks)

Dual simplex solved model.


Log for 'fba' Clone_1 (V12.5.1.0) Tue Jul 16 08:59:11 2013

Tried aggregator 0 times.
No LP presolve or aggregator reductions.
Presolve time = 0.00 sec. (1.07 ticks)
Parallel mode: using up to 3 threads for barrier.
Number of nonzeros in lower triangle of A*A' = 13510
Using Approximate Minimum Degree ordering
Total time for automatic ordering = 0.00 sec. (3.16 ticks)
Summary statistics for Cholesky factor:
  Threads                   = 3
  Rows in Factor            = 1237
  Integer space required    = 7462
  Total non-zeros in factor = 44362
  Total FP ops to factor    = 3233944
 Itn      Primal Obj        Dual Obj  Prim Inf Upper Inf  Dual Inf          
   0  -1.1593036e+03  -8.6707912e+06  3.47e+06  3.53e+06  1.92e+02
   1  -1.0403117e+02  -2.7804246e+06  2.09e+06  2.13e+06  2.07e+01
   2  -1.8822762e+02  -1.3315919e+06  9.90e+05  1.01e+06  4.95e+00
   3  -5.8781957e+01  -4.3450782e+05  3.36e+05  3.42e+05  9.80e-01
   4  -2.4086621e+01  -3.8389473e+05  1.59e+05  1.62e+05  7.15e-01
   5  -1.9241800e+01  -2.4670353e+05  1.26e+05  1.28e+05  3.55e-01
   6  -8.3124678e+00  -1.1919453e+05  5.67e+04  5.78e+04  6.24e-02
   7  -3.5527666e+00  -5.4264084e+04  1.95e+04  1.98e+04  2.33e-03
   8  -1.7084680e+00  -3.2660454e+04  6.91e+03  7.04e+03  4.29e-04
   9  -9.9948070e-01  -2.1900610e+04  8.11e+02  8.25e+02  2.65e-04
  10  -9.2276647e-01  -1.0742793e+03  6.95e-01  7.07e-01  7.70e-06
  11  -3.1859649e+00  -3.0003160e+02  1.33e-01  1.36e-01  2.13e-06
  12  -3.1241275e+00  -1.1322577e+02  7.27e-04  7.39e-04  7.90e-07
  13  -3.1280453e+00  -6.1267295e+01  6.87e-04  6.98e-04  4.17e-07
  14  -3.1980511e+00  -3.3683720e+00  4.02e-06  1.73e-06  1.44e-09
  15  -3.1980589e+00  -3.1980954e+00  3.76e-06  1.08e-10  4.69e-13
  16  -3.1980555e+00  -3.1980556e+00  1.88e-06  1.04e-10  3.22e-13
  17  -3.1980530e+00  -3.1980556e+00  3.06e-06  1.07e-10  2.44e-09
Barrier time = 0.05 sec. (29.18 ticks)

Primal crossover.
  Primal:  Fixing 2392 variables.
     2391 PMoves:  Infeasibility  1.12346261e-07  Objective -3.19805301e+00
     2153 PMoves:  Infeasibility  2.91647918e-09  Objective -3.19805301e+00
     1876 PMoves:  Infeasibility  2.22361941e-09  Objective -3.19805301e+00
     1590 PMoves:  Infeasibility  2.21736841e-09  Objective -3.19805301e+00
     1292 PMoves:  Infeasibility  1.69792405e-09  Objective -3.19805301e+00
     1023 PMoves:  Infeasibility  1.69693022e-09  Objective -3.19805301e+00
      652 PMoves:  Infeasibility  1.28979506e-09  Objective -3.19805301e+00
      400 PMoves:  Infeasibility  1.96955174e-10  Objective -3.19805301e+00
       58 PMoves:  Infeasibility  7.83817455e-14  Objective -3.19805301e+00
        0 PMoves:  Infeasibility  2.81132062e-12  Objective -3.19805558e+00
  Primal:  Pushed 1351, exchanged 1041.
  Dual:  Fixing 13 variables.
       12 DMoves:  Infeasibility  3.80676727e-12  Objective -3.19805558e+00
        0 DMoves:  Infeasibility  3.90180236e-12  Objective -3.19805558e+00
  Dual:  Pushed 12, exchanged 1.
Using devex.
Total crossover time = 0.02 sec. (22.08 ticks)

Total time on 3 threads = 0.07 sec. (52.46 ticks)

Dual simplex solved model.

