
                                                                            < M A T L A B (R) >
                                                                  Copyright 1984-2014 The MathWorks, Inc.
                                                                    R2014a (8.3.0.532) 64-bit (glnxa64)
                                                                             February 11, 2014

 
To get started, type one of these: helpwin, helpdesk, or demo.
For product information, visit www.mathworks.com.
 

 ============================= fastFVA driver started ============================= 

 The directory logFiles/ is empty.

 The directory results/ is empty.


 >> The following model has been loaded and will be solved: hsall

Starting parallel pool (parpool) using the 'local' profile ... connected to 32 workers.
Parallel computation initialized

 >> Currently solving model hsall, matrix: A with 32 workers. Solver: cplexint
 >> Generalized FBA - Solving Model.A. (coupled) 
 >> Size of stoichiometric matrix: (82670,28199)

 -- Starting to loop through the 32 workers. -- 

----------------------------------------------------------------------------------
 --  TaskID: 2 / 32 (LoopID = 28) <> [23795, 24675] / [82670, 28199]
 -- Start time:     Fri Apr 22 13:45:03 2016
 >> #Task.ID = 2; logfile: cplexint_logfile_2.log
    -- Setting 5 CPLEX parameters ... 
        ++ (int)[[1;32m0[0m|[1;32m0[0m]: CPX_PARAM_LPMETHOD (1062) = [set> 0] & [0 <get] 
        ++ (int)[[1;32m0[0m|[1;32m0[0m]: CPX_PARAM_PARALLELMODE (1109) = [set> 1] & [1 <get] 
        ++ (int)[[1;32m0[0m|[1;32m0[0m]: CPX_PARAM_THREADS (1067) = [set> 1] & [1 <get] 
        ++ (int)[[1;32m0[0m|[1;32m0[0m]: CPX_PARAM_AUXROOTTHREADS (2139) = [set> 2] & [2 <get] 
        ++ (int)[[1;32m0[0m|[1;32m0[0m]: CPX_PARAM_ADVIND (1001) = [set> 2] & [2 <get] 
    -- All 5 CPLEX parameters set --
        -- Changing the solution method: 1
 -- End time:     Fri Apr 22 14:24:34 2016
 >> Time spent in FVAc: 2371.6 seconds.
----------------------------------------------------------------------------------
 ==> 3.1% done. Please wait ...

----------------------------------------------------------------------------------
 --  TaskID: 28 / 32 (LoopID = 10) <> [7937, 8817] / [82670, 28199]
 -- Start time:     Fri Apr 22 13:45:02 2016
 >> #Task.ID = 28; logfile: cplexint_logfile_28.log
    -- Setting 5 CPLEX parameters ... 
        ++ (int)[[1;32m0[0m|[1;32m0[0m]: CPX_PARAM_LPMETHOD (1062) = [set> 0] & [0 <get] 
        ++ (int)[[1;32m0[0m|[1;32m0[0m]: CPX_PARAM_PARALLELMODE (1109) = [set> 1] & [1 <get] 
        ++ (int)[[1;32m0[0m|[1;32m0[0m]: CPX_PARAM_THREADS (1067) = [set> 1] & [1 <get] 
        ++ (int)[[1;32m0[0m|[1;32m0[0m]: CPX_PARAM_AUXROOTTHREADS (2139) = [set> 2] & [2 <get] 
        ++ (int)[[1;32m0[0m|[1;32m0[0m]: CPX_PARAM_ADVIND (1001) = [set> 2] & [2 <get] 
    -- All 5 CPLEX parameters set --
        -- Changing the solution method: 1
 -- End time:     Fri Apr 22 14:25:40 2016
 >> Time spent in FVAc: 2438.0 seconds.
----------------------------------------------------------------------------------
 ==> 6.2% done. Please wait ...

----------------------------------------------------------------------------------
 --  TaskID: 32 / 32 (LoopID = 24) <> [20271, 21151] / [82670, 28199]
 -- Start time:     Fri Apr 22 13:45:03 2016
 >> #Task.ID = 32; logfile: cplexint_logfile_32.log
    -- Setting 5 CPLEX parameters ... 
        ++ (int)[[1;32m0[0m|[1;32m0[0m]: CPX_PARAM_LPMETHOD (1062) = [set> 0] & [0 <get] 
        ++ (int)[[1;32m0[0m|[1;32m0[0m]: CPX_PARAM_PARALLELMODE (1109) = [set> 1] & [1 <get] 
        ++ (int)[[1;32m0[0m|[1;32m0[0m]: CPX_PARAM_THREADS (1067) = [set> 1] & [1 <get] 
        ++ (int)[[1;32m0[0m|[1;32m0[0m]: CPX_PARAM_AUXROOTTHREADS (2139) = [set> 2] & [2 <get] 
        ++ (int)[[1;32m0[0m|[1;32m0[0m]: CPX_PARAM_ADVIND (1001) = [set> 2] & [2 <get] 
    -- All 5 CPLEX parameters set --
        -- Changing the solution method: 1
 -- End time:     Fri Apr 22 14:25:44 2016
 >> Time spent in FVAc: 2441.1 seconds.
----------------------------------------------------------------------------------
 ==> 9.4% done. Please wait ...

----------------------------------------------------------------------------------
 --  TaskID: 13 / 32 (LoopID = 18) <> [14985, 15865] / [82670, 28199]
 -- Start time:     Fri Apr 22 13:45:03 2016
 >> #Task.ID = 13; logfile: cplexint_logfile_13.log
    -- Setting 5 CPLEX parameters ... 
        ++ (int)[[1;32m0[0m|[1;32m0[0m]: CPX_PARAM_LPMETHOD (1062) = [set> 0] & [0 <get] 
        ++ (int)[[1;32m0[0m|[1;32m0[0m]: CPX_PARAM_PARALLELMODE (1109) = [set> 1] & [1 <get] 
        ++ (int)[[1;32m0[0m|[1;32m0[0m]: CPX_PARAM_THREADS (1067) = [set> 1] & [1 <get] 
        ++ (int)[[1;32m0[0m|[1;32m0[0m]: CPX_PARAM_AUXROOTTHREADS (2139) = [set> 2] & [2 <get] 
        ++ (int)[[1;32m0[0m|[1;32m0[0m]: CPX_PARAM_ADVIND (1001) = [set> 2] & [2 <get] 
    -- All 5 CPLEX parameters set --
        -- Changing the solution method: 1
 -- End time:     Fri Apr 22 14:26:34 2016
 >> Time spent in FVAc: 2491.4 seconds.
----------------------------------------------------------------------------------
 ==> 12.5% done. Please wait ...

----------------------------------------------------------------------------------
 --  TaskID: 16 / 32 (LoopID = 13) <> [10580, 11460] / [82670, 28199]
 -- Start time:     Fri Apr 22 13:45:02 2016
 >> #Task.ID = 16; logfile: cplexint_logfile_16.log
    -- Setting 5 CPLEX parameters ... 
        ++ (int)[[1;32m0[0m|[1;32m0[0m]: CPX_PARAM_LPMETHOD (1062) = [set> 0] & [0 <get] 
        ++ (int)[[1;32m0[0m|[1;32m0[0m]: CPX_PARAM_PARALLELMODE (1109) = [set> 1] & [1 <get] 
        ++ (int)[[1;32m0[0m|[1;32m0[0m]: CPX_PARAM_THREADS (1067) = [set> 1] & [1 <get] 
        ++ (int)[[1;32m0[0m|[1;32m0[0m]: CPX_PARAM_AUXROOTTHREADS (2139) = [set> 2] & [2 <get] 
        ++ (int)[[1;32m0[0m|[1;32m0[0m]: CPX_PARAM_ADVIND (1001) = [set> 2] & [2 <get] 
    -- All 5 CPLEX parameters set --
        -- Changing the solution method: 1
 -- End time:     Fri Apr 22 14:26:39 2016
 >> Time spent in FVAc: 2496.6 seconds.
----------------------------------------------------------------------------------
 ==> 15.6% done. Please wait ...

----------------------------------------------------------------------------------
 --  TaskID: 31 / 32 (LoopID = 25) <> [21152, 22032] / [82670, 28199]
 -- Start time:     Fri Apr 22 13:45:03 2016
 >> #Task.ID = 31; logfile: cplexint_logfile_31.log
    -- Setting 5 CPLEX parameters ... 
        ++ (int)[[1;32m0[0m|[1;32m0[0m]: CPX_PARAM_LPMETHOD (1062) = [set> 0] & [0 <get] 
        ++ (int)[[1;32m0[0m|[1;32m0[0m]: CPX_PARAM_PARALLELMODE (1109) = [set> 1] & [1 <get] 
        ++ (int)[[1;32m0[0m|[1;32m0[0m]: CPX_PARAM_THREADS (1067) = [set> 1] & [1 <get] 
        ++ (int)[[1;32m0[0m|[1;32m0[0m]: CPX_PARAM_AUXROOTTHREADS (2139) = [set> 2] & [2 <get] 
        ++ (int)[[1;32m0[0m|[1;32m0[0m]: CPX_PARAM_ADVIND (1001) = [set> 2] & [2 <get] 
    -- All 5 CPLEX parameters set --
        -- Changing the solution method: 1
 -- End time:     Fri Apr 22 14:28:24 2016
 >> Time spent in FVAc: 2601.5 seconds.
----------------------------------------------------------------------------------
 ==> 18.8% done. Please wait ...

----------------------------------------------------------------------------------
 --  TaskID: 14 / 32 (LoopID = 17) <> [14104, 14984] / [82670, 28199]
 -- Start time:     Fri Apr 22 13:45:03 2016
 >> #Task.ID = 14; logfile: cplexint_logfile_14.log
    -- Setting 5 CPLEX parameters ... 
        ++ (int)[[1;32m0[0m|[1;32m0[0m]: CPX_PARAM_LPMETHOD (1062) = [set> 0] & [0 <get] 
        ++ (int)[[1;32m0[0m|[1;32m0[0m]: CPX_PARAM_PARALLELMODE (1109) = [set> 1] & [1 <get] 
        ++ (int)[[1;32m0[0m|[1;32m0[0m]: CPX_PARAM_THREADS (1067) = [set> 1] & [1 <get] 
        ++ (int)[[1;32m0[0m|[1;32m0[0m]: CPX_PARAM_AUXROOTTHREADS (2139) = [set> 2] & [2 <get] 
        ++ (int)[[1;32m0[0m|[1;32m0[0m]: CPX_PARAM_ADVIND (1001) = [set> 2] & [2 <get] 
    -- All 5 CPLEX parameters set --
        -- Changing the solution method: 1
 -- End time:     Fri Apr 22 14:29:10 2016
 >> Time spent in FVAc: 2647.2 seconds.
----------------------------------------------------------------------------------
 ==> 21.9% done. Please wait ...

----------------------------------------------------------------------------------
 --  TaskID: 26 / 32 (LoopID = 21) <> [17628, 18508] / [82670, 28199]
 -- Start time:     Fri Apr 22 13:45:03 2016
 >> #Task.ID = 26; logfile: cplexint_logfile_26.log
    -- Setting 5 CPLEX parameters ... 
        ++ (int)[[1;32m0[0m|[1;32m0[0m]: CPX_PARAM_LPMETHOD (1062) = [set> 0] & [0 <get] 
        ++ (int)[[1;32m0[0m|[1;32m0[0m]: CPX_PARAM_PARALLELMODE (1109) = [set> 1] & [1 <get] 
        ++ (int)[[1;32m0[0m|[1;32m0[0m]: CPX_PARAM_THREADS (1067) = [set> 1] & [1 <get] 
        ++ (int)[[1;32m0[0m|[1;32m0[0m]: CPX_PARAM_AUXROOTTHREADS (2139) = [set> 2] & [2 <get] 
        ++ (int)[[1;32m0[0m|[1;32m0[0m]: CPX_PARAM_ADVIND (1001) = [set> 2] & [2 <get] 
    -- All 5 CPLEX parameters set --
        -- Changing the solution method: 1
 -- End time:     Fri Apr 22 14:29:24 2016
 >> Time spent in FVAc: 2661.7 seconds.
----------------------------------------------------------------------------------
 ==> 25.0% done. Please wait ...

----------------------------------------------------------------------------------
 --  TaskID: 1 / 32 (LoopID = 32) <> [27319, 28199] / [82670, 28199]
 -- Start time:     Fri Apr 22 13:45:03 2016
 >> #Task.ID = 1; logfile: cplexint_logfile_1.log
    -- Setting 5 CPLEX parameters ... 
        ++ (int)[[1;32m0[0m|[1;32m0[0m]: CPX_PARAM_LPMETHOD (1062) = [set> 0] & [0 <get] 
        ++ (int)[[1;32m0[0m|[1;32m0[0m]: CPX_PARAM_PARALLELMODE (1109) = [set> 1] & [1 <get] 
        ++ (int)[[1;32m0[0m|[1;32m0[0m]: CPX_PARAM_THREADS (1067) = [set> 1] & [1 <get] 
        ++ (int)[[1;32m0[0m|[1;32m0[0m]: CPX_PARAM_AUXROOTTHREADS (2139) = [set> 2] & [2 <get] 
        ++ (int)[[1;32m0[0m|[1;32m0[0m]: CPX_PARAM_ADVIND (1001) = [set> 2] & [2 <get] 
    -- All 5 CPLEX parameters set --
        -- Changing the solution method: 1
 -- End time:     Fri Apr 22 14:30:57 2016
 >> Time spent in FVAc: 2754.6 seconds.
----------------------------------------------------------------------------------
 ==> 28.1% done. Please wait ...

----------------------------------------------------------------------------------
 --  TaskID: 4 / 32 (LoopID = 27) <> [22914, 23794] / [82670, 28199]
 -- Start time:     Fri Apr 22 13:45:03 2016
 >> #Task.ID = 4; logfile: cplexint_logfile_4.log
    -- Setting 5 CPLEX parameters ... 
        ++ (int)[[1;32m0[0m|[1;32m0[0m]: CPX_PARAM_LPMETHOD (1062) = [set> 0] & [0 <get] 
        ++ (int)[[1;32m0[0m|[1;32m0[0m]: CPX_PARAM_PARALLELMODE (1109) = [set> 1] & [1 <get] 
        ++ (int)[[1;32m0[0m|[1;32m0[0m]: CPX_PARAM_THREADS (1067) = [set> 1] & [1 <get] 
        ++ (int)[[1;32m0[0m|[1;32m0[0m]: CPX_PARAM_AUXROOTTHREADS (2139) = [set> 2] & [2 <get] 
        ++ (int)[[1;32m0[0m|[1;32m0[0m]: CPX_PARAM_ADVIND (1001) = [set> 2] & [2 <get] 
    -- All 5 CPLEX parameters set --
        -- Changing the solution method: 1
 -- End time:     Fri Apr 22 14:31:44 2016
 >> Time spent in FVAc: 2801.3 seconds.
----------------------------------------------------------------------------------
 ==> 31.2% done. Please wait ...

----------------------------------------------------------------------------------
 --  TaskID: 9 / 32 (LoopID = 23) <> [19390, 20270] / [82670, 28199]
 -- Start time:     Fri Apr 22 13:45:03 2016
 >> #Task.ID = 9; logfile: cplexint_logfile_9.log
    -- Setting 5 CPLEX parameters ... 
        ++ (int)[[1;32m0[0m|[1;32m0[0m]: CPX_PARAM_LPMETHOD (1062) = [set> 0] & [0 <get] 
        ++ (int)[[1;32m0[0m|[1;32m0[0m]: CPX_PARAM_PARALLELMODE (1109) = [set> 1] & [1 <get] 
        ++ (int)[[1;32m0[0m|[1;32m0[0m]: CPX_PARAM_THREADS (1067) = [set> 1] & [1 <get] 
        ++ (int)[[1;32m0[0m|[1;32m0[0m]: CPX_PARAM_AUXROOTTHREADS (2139) = [set> 2] & [2 <get] 
        ++ (int)[[1;32m0[0m|[1;32m0[0m]: CPX_PARAM_ADVIND (1001) = [set> 2] & [2 <get] 
    -- All 5 CPLEX parameters set --
        -- Changing the solution method: 1
 -- End time:     Fri Apr 22 14:31:54 2016
 >> Time spent in FVAc: 2810.9 seconds.
----------------------------------------------------------------------------------
 ==> 34.4% done. Please wait ...

----------------------------------------------------------------------------------
 --  TaskID: 8 / 32 (LoopID = 1) <> [1, 882] / [82670, 28199]
 -- Start time:     Fri Apr 22 13:45:02 2016
 >> #Task.ID = 8; logfile: cplexint_logfile_8.log
    -- Setting 5 CPLEX parameters ... 
        ++ (int)[[1;32m0[0m|[1;32m0[0m]: CPX_PARAM_LPMETHOD (1062) = [set> 0] & [0 <get] 
        ++ (int)[[1;32m0[0m|[1;32m0[0m]: CPX_PARAM_PARALLELMODE (1109) = [set> 1] & [1 <get] 
        ++ (int)[[1;32m0[0m|[1;32m0[0m]: CPX_PARAM_THREADS (1067) = [set> 1] & [1 <get] 
        ++ (int)[[1;32m0[0m|[1;32m0[0m]: CPX_PARAM_AUXROOTTHREADS (2139) = [set> 2] & [2 <get] 
        ++ (int)[[1;32m0[0m|[1;32m0[0m]: CPX_PARAM_ADVIND (1001) = [set> 2] & [2 <get] 
    -- All 5 CPLEX parameters set --
        -- Changing the solution method: 1
 -- End time:     Fri Apr 22 14:32:01 2016
 >> Time spent in FVAc: 2818.7 seconds.
----------------------------------------------------------------------------------
 ==> 37.5% done. Please wait ...

----------------------------------------------------------------------------------
 --  TaskID: 19 / 32 (LoopID = 29) <> [24676, 25556] / [82670, 28199]
 -- Start time:     Fri Apr 22 13:45:03 2016
 >> #Task.ID = 19; logfile: cplexint_logfile_19.log
    -- Setting 5 CPLEX parameters ... 
        ++ (int)[[1;32m0[0m|[1;32m0[0m]: CPX_PARAM_LPMETHOD (1062) = [set> 0] & [0 <get] 
        ++ (int)[[1;32m0[0m|[1;32m0[0m]: CPX_PARAM_PARALLELMODE (1109) = [set> 1] & [1 <get] 
        ++ (int)[[1;32m0[0m|[1;32m0[0m]: CPX_PARAM_THREADS (1067) = [set> 1] & [1 <get] 
        ++ (int)[[1;32m0[0m|[1;32m0[0m]: CPX_PARAM_AUXROOTTHREADS (2139) = [set> 2] & [2 <get] 
        ++ (int)[[1;32m0[0m|[1;32m0[0m]: CPX_PARAM_ADVIND (1001) = [set> 2] & [2 <get] 
    -- All 5 CPLEX parameters set --
        -- Changing the solution method: 1
 -- End time:     Fri Apr 22 14:33:10 2016
 >> Time spent in FVAc: 2887.0 seconds.
----------------------------------------------------------------------------------
 ==> 40.6% done. Please wait ...

----------------------------------------------------------------------------------
 --  TaskID: 21 / 32 (LoopID = 16) <> [13223, 14103] / [82670, 28199]
 -- Start time:     Fri Apr 22 13:45:02 2016
 >> #Task.ID = 21; logfile: cplexint_logfile_21.log
    -- Setting 5 CPLEX parameters ... 
        ++ (int)[[1;32m0[0m|[1;32m0[0m]: CPX_PARAM_LPMETHOD (1062) = [set> 0] & [0 <get] 
        ++ (int)[[1;32m0[0m|[1;32m0[0m]: CPX_PARAM_PARALLELMODE (1109) = [set> 1] & [1 <get] 
        ++ (int)[[1;32m0[0m|[1;32m0[0m]: CPX_PARAM_THREADS (1067) = [set> 1] & [1 <get] 
        ++ (int)[[1;32m0[0m|[1;32m0[0m]: CPX_PARAM_AUXROOTTHREADS (2139) = [set> 2] & [2 <get] 
        ++ (int)[[1;32m0[0m|[1;32m0[0m]: CPX_PARAM_ADVIND (1001) = [set> 2] & [2 <get] 
    -- All 5 CPLEX parameters set --
        -- Changing the solution method: 1
 -- End time:     Fri Apr 22 14:34:10 2016
 >> Time spent in FVAc: 2947.7 seconds.
----------------------------------------------------------------------------------
 ==> 43.8% done. Please wait ...

----------------------------------------------------------------------------------
 --  TaskID: 30 / 32 (LoopID = 11) <> [8818, 9698] / [82670, 28199]
 -- Start time:     Fri Apr 22 13:45:02 2016
 >> #Task.ID = 30; logfile: cplexint_logfile_30.log
    -- Setting 5 CPLEX parameters ... 
        ++ (int)[[1;32m0[0m|[1;32m0[0m]: CPX_PARAM_LPMETHOD (1062) = [set> 0] & [0 <get] 
        ++ (int)[[1;32m0[0m|[1;32m0[0m]: CPX_PARAM_PARALLELMODE (1109) = [set> 1] & [1 <get] 
        ++ (int)[[1;32m0[0m|[1;32m0[0m]: CPX_PARAM_THREADS (1067) = [set> 1] & [1 <get] 
        ++ (int)[[1;32m0[0m|[1;32m0[0m]: CPX_PARAM_AUXROOTTHREADS (2139) = [set> 2] & [2 <get] 
        ++ (int)[[1;32m0[0m|[1;32m0[0m]: CPX_PARAM_ADVIND (1001) = [set> 2] & [2 <get] 
    -- All 5 CPLEX parameters set --
        -- Changing the solution method: 1
 -- End time:     Fri Apr 22 14:34:34 2016
 >> Time spent in FVAc: 2971.1 seconds.
----------------------------------------------------------------------------------
 ==> 46.9% done. Please wait ...

----------------------------------------------------------------------------------
 --  TaskID: 25 / 32 (LoopID = 15) <> [12342, 13222] / [82670, 28199]
 -- Start time:     Fri Apr 22 13:45:02 2016
 >> #Task.ID = 25; logfile: cplexint_logfile_25.log
    -- Setting 5 CPLEX parameters ... 
        ++ (int)[[1;32m0[0m|[1;32m0[0m]: CPX_PARAM_LPMETHOD (1062) = [set> 0] & [0 <get] 
        ++ (int)[[1;32m0[0m|[1;32m0[0m]: CPX_PARAM_PARALLELMODE (1109) = [set> 1] & [1 <get] 
        ++ (int)[[1;32m0[0m|[1;32m0[0m]: CPX_PARAM_THREADS (1067) = [set> 1] & [1 <get] 
        ++ (int)[[1;32m0[0m|[1;32m0[0m]: CPX_PARAM_AUXROOTTHREADS (2139) = [set> 2] & [2 <get] 
        ++ (int)[[1;32m0[0m|[1;32m0[0m]: CPX_PARAM_ADVIND (1001) = [set> 2] & [2 <get] 
    -- All 5 CPLEX parameters set --
        -- Changing the solution method: 1
 -- End time:     Fri Apr 22 14:35:43 2016
 >> Time spent in FVAc: 3040.8 seconds.
----------------------------------------------------------------------------------
 ==> 50.0% done. Please wait ...

----------------------------------------------------------------------------------
 --  TaskID: 6 / 32 (LoopID = 30) <> [25557, 26437] / [82670, 28199]
 -- Start time:     Fri Apr 22 13:45:03 2016
 >> #Task.ID = 6; logfile: cplexint_logfile_6.log
    -- Setting 5 CPLEX parameters ... 
        ++ (int)[[1;32m0[0m|[1;32m0[0m]: CPX_PARAM_LPMETHOD (1062) = [set> 0] & [0 <get] 
        ++ (int)[[1;32m0[0m|[1;32m0[0m]: CPX_PARAM_PARALLELMODE (1109) = [set> 1] & [1 <get] 
        ++ (int)[[1;32m0[0m|[1;32m0[0m]: CPX_PARAM_THREADS (1067) = [set> 1] & [1 <get] 
        ++ (int)[[1;32m0[0m|[1;32m0[0m]: CPX_PARAM_AUXROOTTHREADS (2139) = [set> 2] & [2 <get] 
        ++ (int)[[1;32m0[0m|[1;32m0[0m]: CPX_PARAM_ADVIND (1001) = [set> 2] & [2 <get] 
    -- All 5 CPLEX parameters set --
        -- Changing the solution method: 1
 -- End time:     Fri Apr 22 14:35:56 2016
 >> Time spent in FVAc: 3053.8 seconds.
----------------------------------------------------------------------------------
 ==> 53.1% done. Please wait ...

----------------------------------------------------------------------------------
 --  TaskID: 10 / 32 (LoopID = 19) <> [15866, 16746] / [82670, 28199]
 -- Start time:     Fri Apr 22 13:45:02 2016
 >> #Task.ID = 10; logfile: cplexint_logfile_10.log
    -- Setting 5 CPLEX parameters ... 
        ++ (int)[[1;32m0[0m|[1;32m0[0m]: CPX_PARAM_LPMETHOD (1062) = [set> 0] & [0 <get] 
        ++ (int)[[1;32m0[0m|[1;32m0[0m]: CPX_PARAM_PARALLELMODE (1109) = [set> 1] & [1 <get] 
        ++ (int)[[1;32m0[0m|[1;32m0[0m]: CPX_PARAM_THREADS (1067) = [set> 1] & [1 <get] 
        ++ (int)[[1;32m0[0m|[1;32m0[0m]: CPX_PARAM_AUXROOTTHREADS (2139) = [set> 2] & [2 <get] 
        ++ (int)[[1;32m0[0m|[1;32m0[0m]: CPX_PARAM_ADVIND (1001) = [set> 2] & [2 <get] 
    -- All 5 CPLEX parameters set --
        -- Changing the solution method: 1
 -- End time:     Fri Apr 22 14:36:08 2016
 >> Time spent in FVAc: 3065.7 seconds.
----------------------------------------------------------------------------------
 ==> 56.2% done. Please wait ...

----------------------------------------------------------------------------------
 --  TaskID: 5 / 32 (LoopID = 31) <> [26438, 27318] / [82670, 28199]
 -- Start time:     Fri Apr 22 13:45:03 2016
 >> #Task.ID = 5; logfile: cplexint_logfile_5.log
    -- Setting 5 CPLEX parameters ... 
        ++ (int)[[1;32m0[0m|[1;32m0[0m]: CPX_PARAM_LPMETHOD (1062) = [set> 0] & [0 <get] 
        ++ (int)[[1;32m0[0m|[1;32m0[0m]: CPX_PARAM_PARALLELMODE (1109) = [set> 1] & [1 <get] 
        ++ (int)[[1;32m0[0m|[1;32m0[0m]: CPX_PARAM_THREADS (1067) = [set> 1] & [1 <get] 
        ++ (int)[[1;32m0[0m|[1;32m0[0m]: CPX_PARAM_AUXROOTTHREADS (2139) = [set> 2] & [2 <get] 
        ++ (int)[[1;32m0[0m|[1;32m0[0m]: CPX_PARAM_ADVIND (1001) = [set> 2] & [2 <get] 
    -- All 5 CPLEX parameters set --
        -- Changing the solution method: 1
 -- End time:     Fri Apr 22 14:36:49 2016
 >> Time spent in FVAc: 3106.8 seconds.
----------------------------------------------------------------------------------
 ==> 59.4% done. Please wait ...

----------------------------------------------------------------------------------
 --  TaskID: 29 / 32 (LoopID = 22) <> [18509, 19389] / [82670, 28199]
 -- Start time:     Fri Apr 22 13:45:03 2016
 >> #Task.ID = 29; logfile: cplexint_logfile_29.log
    -- Setting 5 CPLEX parameters ... 
        ++ (int)[[1;32m0[0m|[1;32m0[0m]: CPX_PARAM_LPMETHOD (1062) = [set> 0] & [0 <get] 
        ++ (int)[[1;32m0[0m|[1;32m0[0m]: CPX_PARAM_PARALLELMODE (1109) = [set> 1] & [1 <get] 
        ++ (int)[[1;32m0[0m|[1;32m0[0m]: CPX_PARAM_THREADS (1067) = [set> 1] & [1 <get] 
        ++ (int)[[1;32m0[0m|[1;32m0[0m]: CPX_PARAM_AUXROOTTHREADS (2139) = [set> 2] & [2 <get] 
        ++ (int)[[1;32m0[0m|[1;32m0[0m]: CPX_PARAM_ADVIND (1001) = [set> 2] & [2 <get] 
    -- All 5 CPLEX parameters set --
        -- Changing the solution method: 1
 -- End time:     Fri Apr 22 14:37:28 2016
 >> Time spent in FVAc: 3145.5 seconds.
----------------------------------------------------------------------------------
 ==> 62.5% done. Please wait ...

----------------------------------------------------------------------------------
 --  TaskID: 7 / 32 (LoopID = 12) <> [9699, 10579] / [82670, 28199]
 -- Start time:     Fri Apr 22 13:45:02 2016
 >> #Task.ID = 7; logfile: cplexint_logfile_7.log
    -- Setting 5 CPLEX parameters ... 
        ++ (int)[[1;32m0[0m|[1;32m0[0m]: CPX_PARAM_LPMETHOD (1062) = [set> 0] & [0 <get] 
        ++ (int)[[1;32m0[0m|[1;32m0[0m]: CPX_PARAM_PARALLELMODE (1109) = [set> 1] & [1 <get] 
        ++ (int)[[1;32m0[0m|[1;32m0[0m]: CPX_PARAM_THREADS (1067) = [set> 1] & [1 <get] 
        ++ (int)[[1;32m0[0m|[1;32m0[0m]: CPX_PARAM_AUXROOTTHREADS (2139) = [set> 2] & [2 <get] 
        ++ (int)[[1;32m0[0m|[1;32m0[0m]: CPX_PARAM_ADVIND (1001) = [set> 2] & [2 <get] 
    -- All 5 CPLEX parameters set --
        -- Changing the solution method: 1
 -- End time:     Fri Apr 22 14:37:36 2016
 >> Time spent in FVAc: 3154.3 seconds.
----------------------------------------------------------------------------------
 ==> 65.6% done. Please wait ...

----------------------------------------------------------------------------------
 --  TaskID: 11 / 32 (LoopID = 9) <> [7056, 7936] / [82670, 28199]
 -- Start time:     Fri Apr 22 13:45:02 2016
 >> #Task.ID = 11; logfile: cplexint_logfile_11.log
    -- Setting 5 CPLEX parameters ... 
        ++ (int)[[1;32m0[0m|[1;32m0[0m]: CPX_PARAM_LPMETHOD (1062) = [set> 0] & [0 <get] 
        ++ (int)[[1;32m0[0m|[1;32m0[0m]: CPX_PARAM_PARALLELMODE (1109) = [set> 1] & [1 <get] 
        ++ (int)[[1;32m0[0m|[1;32m0[0m]: CPX_PARAM_THREADS (1067) = [set> 1] & [1 <get] 
        ++ (int)[[1;32m0[0m|[1;32m0[0m]: CPX_PARAM_AUXROOTTHREADS (2139) = [set> 2] & [2 <get] 
        ++ (int)[[1;32m0[0m|[1;32m0[0m]: CPX_PARAM_ADVIND (1001) = [set> 2] & [2 <get] 
    -- All 5 CPLEX parameters set --
        -- Changing the solution method: 1
 -- End time:     Fri Apr 22 14:38:44 2016
 >> Time spent in FVAc: 3221.2 seconds.
----------------------------------------------------------------------------------
 ==> 68.8% done. Please wait ...

----------------------------------------------------------------------------------
 --  TaskID: 27 / 32 (LoopID = 14) <> [11461, 12341] / [82670, 28199]
 -- Start time:     Fri Apr 22 13:45:02 2016
 >> #Task.ID = 27; logfile: cplexint_logfile_27.log
    -- Setting 5 CPLEX parameters ... 
        ++ (int)[[1;32m0[0m|[1;32m0[0m]: CPX_PARAM_LPMETHOD (1062) = [set> 0] & [0 <get] 
        ++ (int)[[1;32m0[0m|[1;32m0[0m]: CPX_PARAM_PARALLELMODE (1109) = [set> 1] & [1 <get] 
        ++ (int)[[1;32m0[0m|[1;32m0[0m]: CPX_PARAM_THREADS (1067) = [set> 1] & [1 <get] 
        ++ (int)[[1;32m0[0m|[1;32m0[0m]: CPX_PARAM_AUXROOTTHREADS (2139) = [set> 2] & [2 <get] 
        ++ (int)[[1;32m0[0m|[1;32m0[0m]: CPX_PARAM_ADVIND (1001) = [set> 2] & [2 <get] 
    -- All 5 CPLEX parameters set --
        -- Changing the solution method: 1
 -- End time:     Fri Apr 22 14:38:50 2016
 >> Time spent in FVAc: 3227.7 seconds.
----------------------------------------------------------------------------------
 ==> 71.9% done. Please wait ...

----------------------------------------------------------------------------------
 --  TaskID: 12 / 32 (LoopID = 4) <> [2647, 3528] / [82670, 28199]
 -- Start time:     Fri Apr 22 13:45:02 2016
 >> #Task.ID = 12; logfile: cplexint_logfile_12.log
    -- Setting 5 CPLEX parameters ... 
        ++ (int)[[1;32m0[0m|[1;32m0[0m]: CPX_PARAM_LPMETHOD (1062) = [set> 0] & [0 <get] 
        ++ (int)[[1;32m0[0m|[1;32m0[0m]: CPX_PARAM_PARALLELMODE (1109) = [set> 1] & [1 <get] 
        ++ (int)[[1;32m0[0m|[1;32m0[0m]: CPX_PARAM_THREADS (1067) = [set> 1] & [1 <get] 
        ++ (int)[[1;32m0[0m|[1;32m0[0m]: CPX_PARAM_AUXROOTTHREADS (2139) = [set> 2] & [2 <get] 
        ++ (int)[[1;32m0[0m|[1;32m0[0m]: CPX_PARAM_ADVIND (1001) = [set> 2] & [2 <get] 
    -- All 5 CPLEX parameters set --
        -- Changing the solution method: 1
 -- End time:     Fri Apr 22 14:39:36 2016
 >> Time spent in FVAc: 3273.7 seconds.
----------------------------------------------------------------------------------
 ==> 75.0% done. Please wait ...

----------------------------------------------------------------------------------
 --  TaskID: 22 / 32 (LoopID = 20) <> [16747, 17627] / [82670, 28199]
 -- Start time:     Fri Apr 22 13:45:03 2016
 >> #Task.ID = 22; logfile: cplexint_logfile_22.log
    -- Setting 5 CPLEX parameters ... 
        ++ (int)[[1;32m0[0m|[1;32m0[0m]: CPX_PARAM_LPMETHOD (1062) = [set> 0] & [0 <get] 
        ++ (int)[[1;32m0[0m|[1;32m0[0m]: CPX_PARAM_PARALLELMODE (1109) = [set> 1] & [1 <get] 
        ++ (int)[[1;32m0[0m|[1;32m0[0m]: CPX_PARAM_THREADS (1067) = [set> 1] & [1 <get] 
        ++ (int)[[1;32m0[0m|[1;32m0[0m]: CPX_PARAM_AUXROOTTHREADS (2139) = [set> 2] & [2 <get] 
        ++ (int)[[1;32m0[0m|[1;32m0[0m]: CPX_PARAM_ADVIND (1001) = [set> 2] & [2 <get] 
    -- All 5 CPLEX parameters set --
        -- Changing the solution method: 1
 -- End time:     Fri Apr 22 14:40:16 2016
 >> Time spent in FVAc: 3313.6 seconds.
----------------------------------------------------------------------------------
 ==> 78.1% done. Please wait ...

----------------------------------------------------------------------------------
 --  TaskID: 17 / 32 (LoopID = 5) <> [3529, 4410] / [82670, 28199]
 -- Start time:     Fri Apr 22 13:45:02 2016
 >> #Task.ID = 17; logfile: cplexint_logfile_17.log
    -- Setting 5 CPLEX parameters ... 
        ++ (int)[[1;32m0[0m|[1;32m0[0m]: CPX_PARAM_LPMETHOD (1062) = [set> 0] & [0 <get] 
        ++ (int)[[1;32m0[0m|[1;32m0[0m]: CPX_PARAM_PARALLELMODE (1109) = [set> 1] & [1 <get] 
        ++ (int)[[1;32m0[0m|[1;32m0[0m]: CPX_PARAM_THREADS (1067) = [set> 1] & [1 <get] 
        ++ (int)[[1;32m0[0m|[1;32m0[0m]: CPX_PARAM_AUXROOTTHREADS (2139) = [set> 2] & [2 <get] 
        ++ (int)[[1;32m0[0m|[1;32m0[0m]: CPX_PARAM_ADVIND (1001) = [set> 2] & [2 <get] 
    -- All 5 CPLEX parameters set --
        -- Changing the solution method: 1
 -- End time:     Fri Apr 22 14:41:58 2016
 >> Time spent in FVAc: 3415.1 seconds.
----------------------------------------------------------------------------------
 ==> 81.2% done. Please wait ...

----------------------------------------------------------------------------------
 --  TaskID: 24 / 32 (LoopID = 26) <> [22033, 22913] / [82670, 28199]
 -- Start time:     Fri Apr 22 13:45:03 2016
 >> #Task.ID = 24; logfile: cplexint_logfile_24.log
    -- Setting 5 CPLEX parameters ... 
        ++ (int)[[1;32m0[0m|[1;32m0[0m]: CPX_PARAM_LPMETHOD (1062) = [set> 0] & [0 <get] 
        ++ (int)[[1;32m0[0m|[1;32m0[0m]: CPX_PARAM_PARALLELMODE (1109) = [set> 1] & [1 <get] 
        ++ (int)[[1;32m0[0m|[1;32m0[0m]: CPX_PARAM_THREADS (1067) = [set> 1] & [1 <get] 
        ++ (int)[[1;32m0[0m|[1;32m0[0m]: CPX_PARAM_AUXROOTTHREADS (2139) = [set> 2] & [2 <get] 
        ++ (int)[[1;32m0[0m|[1;32m0[0m]: CPX_PARAM_ADVIND (1001) = [set> 2] & [2 <get] 
    -- All 5 CPLEX parameters set --
        -- Changing the solution method: 1
 -- End time:     Fri Apr 22 14:42:12 2016
 >> Time spent in FVAc: 3429.5 seconds.
----------------------------------------------------------------------------------
 ==> 84.4% done. Please wait ...

----------------------------------------------------------------------------------
 --  TaskID: 20 / 32 (LoopID = 2) <> [883, 1764] / [82670, 28199]
 -- Start time:     Fri Apr 22 13:45:02 2016
 >> #Task.ID = 20; logfile: cplexint_logfile_20.log
    -- Setting 5 CPLEX parameters ... 
        ++ (int)[[1;32m0[0m|[1;32m0[0m]: CPX_PARAM_LPMETHOD (1062) = [set> 0] & [0 <get] 
        ++ (int)[[1;32m0[0m|[1;32m0[0m]: CPX_PARAM_PARALLELMODE (1109) = [set> 1] & [1 <get] 
        ++ (int)[[1;32m0[0m|[1;32m0[0m]: CPX_PARAM_THREADS (1067) = [set> 1] & [1 <get] 
        ++ (int)[[1;32m0[0m|[1;32m0[0m]: CPX_PARAM_AUXROOTTHREADS (2139) = [set> 2] & [2 <get] 
        ++ (int)[[1;32m0[0m|[1;32m0[0m]: CPX_PARAM_ADVIND (1001) = [set> 2] & [2 <get] 
    -- All 5 CPLEX parameters set --
        -- Changing the solution method: 1
 -- End time:     Fri Apr 22 14:43:39 2016
 >> Time spent in FVAc: 3517.3 seconds.
----------------------------------------------------------------------------------
 ==> 87.5% done. Please wait ...

----------------------------------------------------------------------------------
 --  TaskID: 15 / 32 (LoopID = 3) <> [1765, 2646] / [82670, 28199]
 -- Start time:     Fri Apr 22 13:45:02 2016
 >> #Task.ID = 15; logfile: cplexint_logfile_15.log
    -- Setting 5 CPLEX parameters ... 
        ++ (int)[[1;32m0[0m|[1;32m0[0m]: CPX_PARAM_LPMETHOD (1062) = [set> 0] & [0 <get] 
        ++ (int)[[1;32m0[0m|[1;32m0[0m]: CPX_PARAM_PARALLELMODE (1109) = [set> 1] & [1 <get] 
        ++ (int)[[1;32m0[0m|[1;32m0[0m]: CPX_PARAM_THREADS (1067) = [set> 1] & [1 <get] 
        ++ (int)[[1;32m0[0m|[1;32m0[0m]: CPX_PARAM_AUXROOTTHREADS (2139) = [set> 2] & [2 <get] 
        ++ (int)[[1;32m0[0m|[1;32m0[0m]: CPX_PARAM_ADVIND (1001) = [set> 2] & [2 <get] 
    -- All 5 CPLEX parameters set --
        -- Changing the solution method: 1
 -- End time:     Fri Apr 22 14:44:36 2016
 >> Time spent in FVAc: 3573.5 seconds.
----------------------------------------------------------------------------------
 ==> 90.6% done. Please wait ...

----------------------------------------------------------------------------------
 --  TaskID: 18 / 32 (LoopID = 7) <> [5293, 6174] / [82670, 28199]
 -- Start time:     Fri Apr 22 13:45:02 2016
 >> #Task.ID = 18; logfile: cplexint_logfile_18.log
    -- Setting 5 CPLEX parameters ... 
        ++ (int)[[1;32m0[0m|[1;32m0[0m]: CPX_PARAM_LPMETHOD (1062) = [set> 0] & [0 <get] 
        ++ (int)[[1;32m0[0m|[1;32m0[0m]: CPX_PARAM_PARALLELMODE (1109) = [set> 1] & [1 <get] 
        ++ (int)[[1;32m0[0m|[1;32m0[0m]: CPX_PARAM_THREADS (1067) = [set> 1] & [1 <get] 
        ++ (int)[[1;32m0[0m|[1;32m0[0m]: CPX_PARAM_AUXROOTTHREADS (2139) = [set> 2] & [2 <get] 
        ++ (int)[[1;32m0[0m|[1;32m0[0m]: CPX_PARAM_ADVIND (1001) = [set> 2] & [2 <get] 
    -- All 5 CPLEX parameters set --
        -- Changing the solution method: 1
 -- End time:     Fri Apr 22 14:44:36 2016
 >> Time spent in FVAc: 3573.8 seconds.
----------------------------------------------------------------------------------
 ==> 93.8% done. Please wait ...

----------------------------------------------------------------------------------
 --  TaskID: 23 / 32 (LoopID = 8) <> [6175, 7055] / [82670, 28199]
 -- Start time:     Fri Apr 22 13:45:02 2016
 >> #Task.ID = 23; logfile: cplexint_logfile_23.log
    -- Setting 5 CPLEX parameters ... 
        ++ (int)[[1;32m0[0m|[1;32m0[0m]: CPX_PARAM_LPMETHOD (1062) = [set> 0] & [0 <get] 
        ++ (int)[[1;32m0[0m|[1;32m0[0m]: CPX_PARAM_PARALLELMODE (1109) = [set> 1] & [1 <get] 
        ++ (int)[[1;32m0[0m|[1;32m0[0m]: CPX_PARAM_THREADS (1067) = [set> 1] & [1 <get] 
        ++ (int)[[1;32m0[0m|[1;32m0[0m]: CPX_PARAM_AUXROOTTHREADS (2139) = [set> 2] & [2 <get] 
        ++ (int)[[1;32m0[0m|[1;32m0[0m]: CPX_PARAM_ADVIND (1001) = [set> 2] & [2 <get] 
    -- All 5 CPLEX parameters set --
        -- Changing the solution method: 1
 -- End time:     Fri Apr 22 14:45:27 2016
 >> Time spent in FVAc: 3624.5 seconds.
----------------------------------------------------------------------------------
 ==> 96.9% done. Please wait ...

----------------------------------------------------------------------------------
 --  TaskID: 3 / 32 (LoopID = 6) <> [4411, 5292] / [82670, 28199]
 -- Start time:     Fri Apr 22 13:45:02 2016
 >> #Task.ID = 3; logfile: cplexint_logfile_3.log
    -- Setting 5 CPLEX parameters ... 
        ++ (int)[[1;32m0[0m|[1;32m0[0m]: CPX_PARAM_LPMETHOD (1062) = [set> 0] & [0 <get] 
        ++ (int)[[1;32m0[0m|[1;32m0[0m]: CPX_PARAM_PARALLELMODE (1109) = [set> 1] & [1 <get] 
        ++ (int)[[1;32m0[0m|[1;32m0[0m]: CPX_PARAM_THREADS (1067) = [set> 1] & [1 <get] 
        ++ (int)[[1;32m0[0m|[1;32m0[0m]: CPX_PARAM_AUXROOTTHREADS (2139) = [set> 2] & [2 <get] 
        ++ (int)[[1;32m0[0m|[1;32m0[0m]: CPX_PARAM_ADVIND (1001) = [set> 2] & [2 <get] 
    -- All 5 CPLEX parameters set --
        -- Changing the solution method: 1
 -- End time:     Fri Apr 22 14:46:03 2016
 >> Time spent in FVAc: 3660.7 seconds.
----------------------------------------------------------------------------------
 ==> 100% done. Analysis completed.

 >> nworkers = 32; model = hsall; Time = 3662.2 [s]

 ===================================== Summary ==================================== 

    1. 	 <> 	 results/hsall_A_n32__METHOD_PRIMOPT.mat 	 <> 	 3662.2 [s]

 ================================================================================== 
